2019-05-31 11:09:09,455 ERROR 19260 [-/127.0.0.1/-/20ms GET /] nodejs.Error: Please set config.keys first
    at Application.get keys [as keys] (D:\personal\notes\nodejs\egg\01\node_modules\egg\lib\application.js:257:15)
    at Object.get cookies [as cookies] (D:\personal\notes\nodejs\egg\01\node_modules\egg\app\extend\context.js:22:66)
    at Object.get [egg-security#CSRF_SECRET] (D:\personal\notes\nodejs\egg\01\node_modules\egg-security\app\extend\context.js:86:33)
    at Object.ensureCsrfSecret (D:\personal\notes\nodejs\egg\01\node_modules\egg-security\app\extend\context.js:97:13)
    at csrf (D:\personal\notes\nodejs\egg\01\node_modules\egg-security\lib\middlewares\csrf.js:14:9)
    at dispatch (D:\personal\notes\nodejs\egg\01\node_modules\egg-security\node_modules\koa-compose\index.js:42:32)
    at D:\personal\notes\nodejs\egg\01\node_modules\egg-security\node_modules\koa-compose\index.js:34:12
    at dispatch (D:\personal\notes\nodejs\egg\01\node_modules\koa\node_modules\koa-compose\index.js:42:32)
    at session (D:\personal\notes\nodejs\egg\01\node_modules\koa-session\index.js:41:13)
    at dispatch (D:\personal\notes\nodejs\egg\01\node_modules\koa\node_modules\koa-compose\index.js:42:32)

pid: 19260
hostname: KM-20190513BNUG

2019-05-31 11:35:12,190 ERROR 54200 [-/127.0.0.1/-/5ms GET /news] nodejs.Error: Please set config.keys first
    at Application.get keys [as keys] (D:\personal\notes\nodejs\egg\01\node_modules\egg\lib\application.js:257:15)
    at Object.get cookies [as cookies] (D:\personal\notes\nodejs\egg\01\node_modules\egg\app\extend\context.js:22:66)
    at Object.get [egg-security#CSRF_SECRET] (D:\personal\notes\nodejs\egg\01\node_modules\egg-security\app\extend\context.js:86:33)
    at Object.ensureCsrfSecret (D:\personal\notes\nodejs\egg\01\node_modules\egg-security\app\extend\context.js:97:13)
    at csrf (D:\personal\notes\nodejs\egg\01\node_modules\egg-security\lib\middlewares\csrf.js:14:9)
    at dispatch (D:\personal\notes\nodejs\egg\01\node_modules\egg-security\node_modules\koa-compose\index.js:42:32)
    at D:\personal\notes\nodejs\egg\01\node_modules\egg-security\node_modules\koa-compose\index.js:34:12
    at dispatch (D:\personal\notes\nodejs\egg\01\node_modules\koa\node_modules\koa-compose\index.js:42:32)
    at session (D:\personal\notes\nodejs\egg\01\node_modules\koa-session\index.js:41:13)
    at dispatch (D:\personal\notes\nodejs\egg\01\node_modules\koa\node_modules\koa-compose\index.js:42:32)

pid: 54200
hostname: KM-20190513BNUG

2019-05-31 14:15:59,799 ERROR 58636 [-/127.0.0.1/-/14ms GET /] nodejs.Error: Please set config.keys first
    at Application.get keys [as keys] (D:\personal\notes\nodejs\egg\01\node_modules\egg\lib\application.js:257:15)
    at Object.get cookies [as cookies] (D:\personal\notes\nodejs\egg\01\node_modules\egg\app\extend\context.js:22:66)
    at Object.get [egg-security#CSRF_SECRET] (D:\personal\notes\nodejs\egg\01\node_modules\egg-security\app\extend\context.js:86:33)
    at Object.ensureCsrfSecret (D:\personal\notes\nodejs\egg\01\node_modules\egg-security\app\extend\context.js:97:13)
    at csrf (D:\personal\notes\nodejs\egg\01\node_modules\egg-security\lib\middlewares\csrf.js:14:9)
    at dispatch (D:\personal\notes\nodejs\egg\01\node_modules\egg-security\node_modules\koa-compose\index.js:42:32)
    at D:\personal\notes\nodejs\egg\01\node_modules\egg-security\node_modules\koa-compose\index.js:34:12
    at dispatch (D:\personal\notes\nodejs\egg\01\node_modules\koa\node_modules\koa-compose\index.js:42:32)
    at session (D:\personal\notes\nodejs\egg\01\node_modules\koa-session\index.js:41:13)
    at dispatch (D:\personal\notes\nodejs\egg\01\node_modules\koa\node_modules\koa-compose\index.js:42:32)

pid: 58636
hostname: KM-20190513BNUG

2019-05-31 14:16:04,392 ERROR 58636 [-/127.0.0.1/-/1ms GET /news] nodejs.Error: Please set config.keys first
    at Application.get keys [as keys] (D:\personal\notes\nodejs\egg\01\node_modules\egg\lib\application.js:257:15)
    at Object.get cookies [as cookies] (D:\personal\notes\nodejs\egg\01\node_modules\egg\app\extend\context.js:22:66)
    at Object.get [egg-security#CSRF_SECRET] (D:\personal\notes\nodejs\egg\01\node_modules\egg-security\app\extend\context.js:86:33)
    at Object.ensureCsrfSecret (D:\personal\notes\nodejs\egg\01\node_modules\egg-security\app\extend\context.js:97:13)
    at csrf (D:\personal\notes\nodejs\egg\01\node_modules\egg-security\lib\middlewares\csrf.js:14:9)
    at dispatch (D:\personal\notes\nodejs\egg\01\node_modules\egg-security\node_modules\koa-compose\index.js:42:32)
    at D:\personal\notes\nodejs\egg\01\node_modules\egg-security\node_modules\koa-compose\index.js:34:12
    at dispatch (D:\personal\notes\nodejs\egg\01\node_modules\koa\node_modules\koa-compose\index.js:42:32)
    at session (D:\personal\notes\nodejs\egg\01\node_modules\koa-session\index.js:41:13)
    at dispatch (D:\personal\notes\nodejs\egg\01\node_modules\koa\node_modules\koa-compose\index.js:42:32)

pid: 58636
hostname: KM-20190513BNUG

2019-05-31 14:19:17,556 ERROR 58636 [-/127.0.0.1/-/5ms GET /news] nodejs.Error: Please set config.keys first
    at Application.get keys [as keys] (D:\personal\notes\nodejs\egg\01\node_modules\egg\lib\application.js:257:15)
    at Object.get cookies [as cookies] (D:\personal\notes\nodejs\egg\01\node_modules\egg\app\extend\context.js:22:66)
    at Object.get [egg-security#CSRF_SECRET] (D:\personal\notes\nodejs\egg\01\node_modules\egg-security\app\extend\context.js:86:33)
    at Object.ensureCsrfSecret (D:\personal\notes\nodejs\egg\01\node_modules\egg-security\app\extend\context.js:97:13)
    at csrf (D:\personal\notes\nodejs\egg\01\node_modules\egg-security\lib\middlewares\csrf.js:14:9)
    at dispatch (D:\personal\notes\nodejs\egg\01\node_modules\egg-security\node_modules\koa-compose\index.js:42:32)
    at D:\personal\notes\nodejs\egg\01\node_modules\egg-security\node_modules\koa-compose\index.js:34:12
    at dispatch (D:\personal\notes\nodejs\egg\01\node_modules\koa\node_modules\koa-compose\index.js:42:32)
    at session (D:\personal\notes\nodejs\egg\01\node_modules\koa-session\index.js:41:13)
    at dispatch (D:\personal\notes\nodejs\egg\01\node_modules\koa\node_modules\koa-compose\index.js:42:32)

pid: 58636
hostname: KM-20190513BNUG

2019-05-31 14:25:34,811 ERROR 80744 [-/127.0.0.1/-/9ms GET /news] nodejs.Error: Please set config.keys first
    at Application.get keys [as keys] (D:\personal\notes\nodejs\egg\01\node_modules\egg\lib\application.js:257:15)
    at Object.get cookies [as cookies] (D:\personal\notes\nodejs\egg\01\node_modules\egg\app\extend\context.js:22:66)
    at Object.get [egg-security#CSRF_SECRET] (D:\personal\notes\nodejs\egg\01\node_modules\egg-security\app\extend\context.js:86:33)
    at Object.ensureCsrfSecret (D:\personal\notes\nodejs\egg\01\node_modules\egg-security\app\extend\context.js:97:13)
    at csrf (D:\personal\notes\nodejs\egg\01\node_modules\egg-security\lib\middlewares\csrf.js:14:9)
    at dispatch (D:\personal\notes\nodejs\egg\01\node_modules\egg-security\node_modules\koa-compose\index.js:42:32)
    at D:\personal\notes\nodejs\egg\01\node_modules\egg-security\node_modules\koa-compose\index.js:34:12
    at dispatch (D:\personal\notes\nodejs\egg\01\node_modules\koa\node_modules\koa-compose\index.js:42:32)
    at session (D:\personal\notes\nodejs\egg\01\node_modules\koa-session\index.js:41:13)
    at dispatch (D:\personal\notes\nodejs\egg\01\node_modules\koa\node_modules\koa-compose\index.js:42:32)

pid: 80744
hostname: KM-20190513BNUG

2019-05-31 14:25:53,812 ERROR 55556 [-/127.0.0.1/-/5025ms GET /news] nodejs.ConnectionTimeoutError: Connect timeout for 5000ms, GET https://hacker-news.firebaseio.com/v0/topstories.json -2 (connected: false, keepalive socket: false, agent status: {"createSocketCount":1,"createSocketErrorCount":0,"closeSocketCount":1,"errorSocketCount":0,"timeoutSocketCount":0,"requestCount":0,"freeSockets":{},"sockets":{},"requests":{}}, socketHandledRequests: 1, socketHandledResponses: 0)
headers: {}
headers: {}
    at Timeout._onTimeout (D:\personal\notes\nodejs\egg\01\node_modules\urllib\lib\urllib.js:923:15)
    at ontimeout (timers.js:436:11)
    at tryOnTimeout (timers.js:300:5)
    at listOnTimeout (timers.js:263:5)
    at Timer.processTimers (timers.js:223:10)
name: "ConnectionTimeoutError"
requestId: 1
data: undefined
path: "/v0/topstories.json?orderBy=%22%24key%22&startAt=%220%22&endAt=%224%22"
status: -2
headers: {}
res: {"status":-2,"statusCode":-2,"statusMessage":null,"headers":{},"size":0,"aborted":false,"rt":5015,"keepAliveSocket":false,"requestUrls":["https://hacker-news.firebaseio.com/v0/topstories.json"],"timing":null,"remoteAddress":"35.201.97.85","remotePort":"","socketHandledRequests":1,"socketHandledResponses":0}
pid: 55556
hostname: KM-20190513BNUG

