2019-05-31 11:08:59,564 INFO 71416 [Timer] D:\personal\notes\nodejs\egg\01\node_modules\egg-multipart\app\schedule\clean_tmpdir.js next time will execute after 62460438ms at 2019-06-01 04:30:00.002
2019-05-31 11:08:59,564 INFO 71416 [Timer] D:\personal\notes\nodejs\egg\01\node_modules\egg-logrotator\app\schedule\clean_log.js next time will execute after 46260436ms at 2019-06-01 00:00:00.000
2019-05-31 11:08:59,565 INFO 71416 [Timer] D:\personal\notes\nodejs\egg\01\node_modules\egg-logrotator\app\schedule\rotate_by_file.js next time will execute after 46261435ms at 2019-06-01 00:00:01.000
2019-05-31 11:08:59,380 INFO 19260 [egg-schedule]: register schedule D:\personal\notes\nodejs\egg\01\node_modules\egg-multipart\app\schedule\clean_tmpdir.js
2019-05-31 11:08:59,380 INFO 19260 [egg-schedule]: register schedule D:\personal\notes\nodejs\egg\01\node_modules\egg-logrotator\app\schedule\clean_log.js
2019-05-31 11:08:59,380 INFO 19260 [egg-schedule]: register schedule D:\personal\notes\nodejs\egg\01\node_modules\egg-logrotator\app\schedule\rotate_by_file.js
2019-05-31 11:11:30,679 INFO 71992 [egg-schedule]: register schedule D:\personal\notes\nodejs\egg\01\node_modules\egg-multipart\app\schedule\clean_tmpdir.js
2019-05-31 11:11:30,679 INFO 71992 [egg-schedule]: register schedule D:\personal\notes\nodejs\egg\01\node_modules\egg-logrotator\app\schedule\clean_log.js
2019-05-31 11:11:30,679 INFO 71992 [egg-schedule]: register schedule D:\personal\notes\nodejs\egg\01\node_modules\egg-logrotator\app\schedule\rotate_by_file.js
2019-05-31 11:11:33,500 INFO 18156 [egg-schedule]: register schedule D:\personal\notes\nodejs\egg\01\node_modules\egg-multipart\app\schedule\clean_tmpdir.js
2019-05-31 11:11:33,500 INFO 18156 [egg-schedule]: register schedule D:\personal\notes\nodejs\egg\01\node_modules\egg-logrotator\app\schedule\clean_log.js
2019-05-31 11:11:33,500 INFO 18156 [egg-schedule]: register schedule D:\personal\notes\nodejs\egg\01\node_modules\egg-logrotator\app\schedule\rotate_by_file.js
2019-05-31 11:11:35,524 INFO 58040 [egg-schedule]: register schedule D:\personal\notes\nodejs\egg\01\node_modules\egg-multipart\app\schedule\clean_tmpdir.js
2019-05-31 11:11:35,524 INFO 58040 [egg-schedule]: register schedule D:\personal\notes\nodejs\egg\01\node_modules\egg-logrotator\app\schedule\clean_log.js
2019-05-31 11:11:35,524 INFO 58040 [egg-schedule]: register schedule D:\personal\notes\nodejs\egg\01\node_modules\egg-logrotator\app\schedule\rotate_by_file.js
2019-05-31 11:11:36,700 INFO 57632 [egg-schedule]: register schedule D:\personal\notes\nodejs\egg\01\node_modules\egg-multipart\app\schedule\clean_tmpdir.js
2019-05-31 11:11:36,700 INFO 57632 [egg-schedule]: register schedule D:\personal\notes\nodejs\egg\01\node_modules\egg-logrotator\app\schedule\clean_log.js
2019-05-31 11:11:36,700 INFO 57632 [egg-schedule]: register schedule D:\personal\notes\nodejs\egg\01\node_modules\egg-logrotator\app\schedule\rotate_by_file.js
2019-05-31 11:13:10,113 INFO 36988 [egg-schedule]: register schedule D:\personal\notes\nodejs\egg\01\node_modules\egg-multipart\app\schedule\clean_tmpdir.js
2019-05-31 11:13:10,113 INFO 36988 [egg-schedule]: register schedule D:\personal\notes\nodejs\egg\01\node_modules\egg-logrotator\app\schedule\clean_log.js
2019-05-31 11:13:10,113 INFO 36988 [egg-schedule]: register schedule D:\personal\notes\nodejs\egg\01\node_modules\egg-logrotator\app\schedule\rotate_by_file.js
2019-05-31 11:13:36,872 INFO 63264 [egg-schedule]: register schedule D:\personal\notes\nodejs\egg\01\node_modules\egg-multipart\app\schedule\clean_tmpdir.js
2019-05-31 11:13:36,872 INFO 63264 [egg-schedule]: register schedule D:\personal\notes\nodejs\egg\01\node_modules\egg-logrotator\app\schedule\clean_log.js
2019-05-31 11:13:36,872 INFO 63264 [egg-schedule]: register schedule D:\personal\notes\nodejs\egg\01\node_modules\egg-logrotator\app\schedule\rotate_by_file.js
2019-05-31 11:13:43,801 INFO 16000 [egg-schedule]: register schedule D:\personal\notes\nodejs\egg\01\node_modules\egg-multipart\app\schedule\clean_tmpdir.js
2019-05-31 11:13:43,802 INFO 16000 [egg-schedule]: register schedule D:\personal\notes\nodejs\egg\01\node_modules\egg-logrotator\app\schedule\clean_log.js
2019-05-31 11:13:43,802 INFO 16000 [egg-schedule]: register schedule D:\personal\notes\nodejs\egg\01\node_modules\egg-logrotator\app\schedule\rotate_by_file.js
2019-05-31 11:13:45,147 INFO 55552 [egg-schedule]: register schedule D:\personal\notes\nodejs\egg\01\node_modules\egg-multipart\app\schedule\clean_tmpdir.js
2019-05-31 11:13:45,147 INFO 55552 [egg-schedule]: register schedule D:\personal\notes\nodejs\egg\01\node_modules\egg-logrotator\app\schedule\clean_log.js
2019-05-31 11:13:45,147 INFO 55552 [egg-schedule]: register schedule D:\personal\notes\nodejs\egg\01\node_modules\egg-logrotator\app\schedule\rotate_by_file.js
2019-05-31 11:14:09,225 INFO 47216 [egg-schedule]: register schedule D:\personal\notes\nodejs\egg\01\node_modules\egg-multipart\app\schedule\clean_tmpdir.js
2019-05-31 11:14:09,225 INFO 47216 [egg-schedule]: register schedule D:\personal\notes\nodejs\egg\01\node_modules\egg-logrotator\app\schedule\clean_log.js
2019-05-31 11:14:09,225 INFO 47216 [egg-schedule]: register schedule D:\personal\notes\nodejs\egg\01\node_modules\egg-logrotator\app\schedule\rotate_by_file.js
2019-05-31 11:14:10,757 INFO 17036 [egg-schedule]: register schedule D:\personal\notes\nodejs\egg\01\node_modules\egg-multipart\app\schedule\clean_tmpdir.js
2019-05-31 11:14:10,757 INFO 17036 [egg-schedule]: register schedule D:\personal\notes\nodejs\egg\01\node_modules\egg-logrotator\app\schedule\clean_log.js
2019-05-31 11:14:10,757 INFO 17036 [egg-schedule]: register schedule D:\personal\notes\nodejs\egg\01\node_modules\egg-logrotator\app\schedule\rotate_by_file.js
2019-05-31 11:14:13,052 INFO 40736 [egg-schedule]: register schedule D:\personal\notes\nodejs\egg\01\node_modules\egg-multipart\app\schedule\clean_tmpdir.js
2019-05-31 11:14:13,052 INFO 40736 [egg-schedule]: register schedule D:\personal\notes\nodejs\egg\01\node_modules\egg-logrotator\app\schedule\clean_log.js
2019-05-31 11:14:13,052 INFO 40736 [egg-schedule]: register schedule D:\personal\notes\nodejs\egg\01\node_modules\egg-logrotator\app\schedule\rotate_by_file.js
2019-05-31 11:14:19,006 INFO 64228 [egg-schedule]: register schedule D:\personal\notes\nodejs\egg\01\node_modules\egg-multipart\app\schedule\clean_tmpdir.js
2019-05-31 11:14:19,006 INFO 64228 [egg-schedule]: register schedule D:\personal\notes\nodejs\egg\01\node_modules\egg-logrotator\app\schedule\clean_log.js
2019-05-31 11:14:19,006 INFO 64228 [egg-schedule]: register schedule D:\personal\notes\nodejs\egg\01\node_modules\egg-logrotator\app\schedule\rotate_by_file.js
2019-05-31 11:14:20,257 INFO 52932 [egg-schedule]: register schedule D:\personal\notes\nodejs\egg\01\node_modules\egg-multipart\app\schedule\clean_tmpdir.js
2019-05-31 11:14:20,257 INFO 52932 [egg-schedule]: register schedule D:\personal\notes\nodejs\egg\01\node_modules\egg-logrotator\app\schedule\clean_log.js
2019-05-31 11:14:20,257 INFO 52932 [egg-schedule]: register schedule D:\personal\notes\nodejs\egg\01\node_modules\egg-logrotator\app\schedule\rotate_by_file.js
2019-05-31 11:14:31,268 INFO 60612 [egg-schedule]: register schedule D:\personal\notes\nodejs\egg\01\node_modules\egg-multipart\app\schedule\clean_tmpdir.js
2019-05-31 11:14:31,268 INFO 60612 [egg-schedule]: register schedule D:\personal\notes\nodejs\egg\01\node_modules\egg-logrotator\app\schedule\clean_log.js
2019-05-31 11:14:31,268 INFO 60612 [egg-schedule]: register schedule D:\personal\notes\nodejs\egg\01\node_modules\egg-logrotator\app\schedule\rotate_by_file.js
2019-05-31 11:14:35,115 INFO 49276 [egg-schedule]: register schedule D:\personal\notes\nodejs\egg\01\node_modules\egg-multipart\app\schedule\clean_tmpdir.js
2019-05-31 11:14:35,115 INFO 49276 [egg-schedule]: register schedule D:\personal\notes\nodejs\egg\01\node_modules\egg-logrotator\app\schedule\clean_log.js
2019-05-31 11:14:35,115 INFO 49276 [egg-schedule]: register schedule D:\personal\notes\nodejs\egg\01\node_modules\egg-logrotator\app\schedule\rotate_by_file.js
2019-05-31 11:14:37,224 INFO 49124 [egg-schedule]: register schedule D:\personal\notes\nodejs\egg\01\node_modules\egg-multipart\app\schedule\clean_tmpdir.js
2019-05-31 11:14:37,224 INFO 49124 [egg-schedule]: register schedule D:\personal\notes\nodejs\egg\01\node_modules\egg-logrotator\app\schedule\clean_log.js
2019-05-31 11:14:37,224 INFO 49124 [egg-schedule]: register schedule D:\personal\notes\nodejs\egg\01\node_modules\egg-logrotator\app\schedule\rotate_by_file.js
2019-05-31 11:14:38,987 INFO 9908 [egg-schedule]: register schedule D:\personal\notes\nodejs\egg\01\node_modules\egg-multipart\app\schedule\clean_tmpdir.js
2019-05-31 11:14:38,987 INFO 9908 [egg-schedule]: register schedule D:\personal\notes\nodejs\egg\01\node_modules\egg-logrotator\app\schedule\clean_log.js
2019-05-31 11:14:38,987 INFO 9908 [egg-schedule]: register schedule D:\personal\notes\nodejs\egg\01\node_modules\egg-logrotator\app\schedule\rotate_by_file.js
2019-05-31 11:14:40,674 INFO 20784 [egg-schedule]: register schedule D:\personal\notes\nodejs\egg\01\node_modules\egg-multipart\app\schedule\clean_tmpdir.js
2019-05-31 11:14:40,674 INFO 20784 [egg-schedule]: register schedule D:\personal\notes\nodejs\egg\01\node_modules\egg-logrotator\app\schedule\clean_log.js
2019-05-31 11:14:40,674 INFO 20784 [egg-schedule]: register schedule D:\personal\notes\nodejs\egg\01\node_modules\egg-logrotator\app\schedule\rotate_by_file.js
2019-05-31 11:14:41,963 INFO 74856 [egg-schedule]: register schedule D:\personal\notes\nodejs\egg\01\node_modules\egg-multipart\app\schedule\clean_tmpdir.js
2019-05-31 11:14:41,963 INFO 74856 [egg-schedule]: register schedule D:\personal\notes\nodejs\egg\01\node_modules\egg-logrotator\app\schedule\clean_log.js
2019-05-31 11:14:41,963 INFO 74856 [egg-schedule]: register schedule D:\personal\notes\nodejs\egg\01\node_modules\egg-logrotator\app\schedule\rotate_by_file.js
2019-05-31 11:14:46,381 INFO 45176 [egg-schedule]: register schedule D:\personal\notes\nodejs\egg\01\node_modules\egg-multipart\app\schedule\clean_tmpdir.js
2019-05-31 11:14:46,381 INFO 45176 [egg-schedule]: register schedule D:\personal\notes\nodejs\egg\01\node_modules\egg-logrotator\app\schedule\clean_log.js
2019-05-31 11:14:46,381 INFO 45176 [egg-schedule]: register schedule D:\personal\notes\nodejs\egg\01\node_modules\egg-logrotator\app\schedule\rotate_by_file.js
2019-05-31 11:14:51,553 INFO 44148 [egg-schedule]: register schedule D:\personal\notes\nodejs\egg\01\node_modules\egg-multipart\app\schedule\clean_tmpdir.js
2019-05-31 11:14:51,553 INFO 44148 [egg-schedule]: register schedule D:\personal\notes\nodejs\egg\01\node_modules\egg-logrotator\app\schedule\clean_log.js
2019-05-31 11:14:51,553 INFO 44148 [egg-schedule]: register schedule D:\personal\notes\nodejs\egg\01\node_modules\egg-logrotator\app\schedule\rotate_by_file.js
2019-05-31 11:14:53,982 INFO 45596 [egg-schedule]: register schedule D:\personal\notes\nodejs\egg\01\node_modules\egg-multipart\app\schedule\clean_tmpdir.js
2019-05-31 11:14:53,982 INFO 45596 [egg-schedule]: register schedule D:\personal\notes\nodejs\egg\01\node_modules\egg-logrotator\app\schedule\clean_log.js
2019-05-31 11:14:53,982 INFO 45596 [egg-schedule]: register schedule D:\personal\notes\nodejs\egg\01\node_modules\egg-logrotator\app\schedule\rotate_by_file.js
2019-05-31 11:14:55,268 INFO 26264 [egg-schedule]: register schedule D:\personal\notes\nodejs\egg\01\node_modules\egg-multipart\app\schedule\clean_tmpdir.js
2019-05-31 11:14:55,268 INFO 26264 [egg-schedule]: register schedule D:\personal\notes\nodejs\egg\01\node_modules\egg-logrotator\app\schedule\clean_log.js
2019-05-31 11:14:55,268 INFO 26264 [egg-schedule]: register schedule D:\personal\notes\nodejs\egg\01\node_modules\egg-logrotator\app\schedule\rotate_by_file.js
2019-05-31 11:23:48,058 INFO 79796 [egg-schedule]: register schedule D:\personal\notes\nodejs\egg\01\node_modules\egg-multipart\app\schedule\clean_tmpdir.js
2019-05-31 11:23:48,058 INFO 79796 [egg-schedule]: register schedule D:\personal\notes\nodejs\egg\01\node_modules\egg-logrotator\app\schedule\clean_log.js
2019-05-31 11:23:48,058 INFO 79796 [egg-schedule]: register schedule D:\personal\notes\nodejs\egg\01\node_modules\egg-logrotator\app\schedule\rotate_by_file.js
2019-05-31 11:23:49,416 INFO 16672 [egg-schedule]: register schedule D:\personal\notes\nodejs\egg\01\node_modules\egg-multipart\app\schedule\clean_tmpdir.js
2019-05-31 11:23:49,416 INFO 16672 [egg-schedule]: register schedule D:\personal\notes\nodejs\egg\01\node_modules\egg-logrotator\app\schedule\clean_log.js
2019-05-31 11:23:49,416 INFO 16672 [egg-schedule]: register schedule D:\personal\notes\nodejs\egg\01\node_modules\egg-logrotator\app\schedule\rotate_by_file.js
2019-05-31 11:24:05,746 INFO 59892 [egg-schedule]: register schedule D:\personal\notes\nodejs\egg\01\node_modules\egg-multipart\app\schedule\clean_tmpdir.js
2019-05-31 11:24:05,746 INFO 59892 [egg-schedule]: register schedule D:\personal\notes\nodejs\egg\01\node_modules\egg-logrotator\app\schedule\clean_log.js
2019-05-31 11:24:05,746 INFO 59892 [egg-schedule]: register schedule D:\personal\notes\nodejs\egg\01\node_modules\egg-logrotator\app\schedule\rotate_by_file.js
2019-05-31 11:24:10,345 INFO 13240 [egg-schedule]: register schedule D:\personal\notes\nodejs\egg\01\node_modules\egg-multipart\app\schedule\clean_tmpdir.js
2019-05-31 11:24:10,345 INFO 13240 [egg-schedule]: register schedule D:\personal\notes\nodejs\egg\01\node_modules\egg-logrotator\app\schedule\clean_log.js
2019-05-31 11:24:10,345 INFO 13240 [egg-schedule]: register schedule D:\personal\notes\nodejs\egg\01\node_modules\egg-logrotator\app\schedule\rotate_by_file.js
2019-05-31 11:24:11,707 INFO 17688 [egg-schedule]: register schedule D:\personal\notes\nodejs\egg\01\node_modules\egg-multipart\app\schedule\clean_tmpdir.js
2019-05-31 11:24:11,707 INFO 17688 [egg-schedule]: register schedule D:\personal\notes\nodejs\egg\01\node_modules\egg-logrotator\app\schedule\clean_log.js
2019-05-31 11:24:11,707 INFO 17688 [egg-schedule]: register schedule D:\personal\notes\nodejs\egg\01\node_modules\egg-logrotator\app\schedule\rotate_by_file.js
2019-05-31 11:32:42,100 INFO 13188 [egg-schedule]: register schedule D:\personal\notes\nodejs\egg\01\node_modules\egg-multipart\app\schedule\clean_tmpdir.js
2019-05-31 11:32:42,100 INFO 13188 [egg-schedule]: register schedule D:\personal\notes\nodejs\egg\01\node_modules\egg-logrotator\app\schedule\clean_log.js
2019-05-31 11:32:42,100 INFO 13188 [egg-schedule]: register schedule D:\personal\notes\nodejs\egg\01\node_modules\egg-logrotator\app\schedule\rotate_by_file.js
2019-05-31 11:32:43,400 INFO 6852 [egg-schedule]: register schedule D:\personal\notes\nodejs\egg\01\node_modules\egg-multipart\app\schedule\clean_tmpdir.js
2019-05-31 11:32:43,400 INFO 6852 [egg-schedule]: register schedule D:\personal\notes\nodejs\egg\01\node_modules\egg-logrotator\app\schedule\clean_log.js
2019-05-31 11:32:43,400 INFO 6852 [egg-schedule]: register schedule D:\personal\notes\nodejs\egg\01\node_modules\egg-logrotator\app\schedule\rotate_by_file.js
2019-05-31 11:32:47,279 INFO 57396 [egg-schedule]: register schedule D:\personal\notes\nodejs\egg\01\node_modules\egg-multipart\app\schedule\clean_tmpdir.js
2019-05-31 11:32:47,279 INFO 57396 [egg-schedule]: register schedule D:\personal\notes\nodejs\egg\01\node_modules\egg-logrotator\app\schedule\clean_log.js
2019-05-31 11:32:47,279 INFO 57396 [egg-schedule]: register schedule D:\personal\notes\nodejs\egg\01\node_modules\egg-logrotator\app\schedule\rotate_by_file.js
2019-05-31 11:32:49,191 INFO 1952 [egg-schedule]: register schedule D:\personal\notes\nodejs\egg\01\node_modules\egg-multipart\app\schedule\clean_tmpdir.js
2019-05-31 11:32:49,191 INFO 1952 [egg-schedule]: register schedule D:\personal\notes\nodejs\egg\01\node_modules\egg-logrotator\app\schedule\clean_log.js
2019-05-31 11:32:49,191 INFO 1952 [egg-schedule]: register schedule D:\personal\notes\nodejs\egg\01\node_modules\egg-logrotator\app\schedule\rotate_by_file.js
2019-05-31 11:32:54,825 INFO 42844 [egg-schedule]: register schedule D:\personal\notes\nodejs\egg\01\node_modules\egg-multipart\app\schedule\clean_tmpdir.js
2019-05-31 11:32:54,825 INFO 42844 [egg-schedule]: register schedule D:\personal\notes\nodejs\egg\01\node_modules\egg-logrotator\app\schedule\clean_log.js
2019-05-31 11:32:54,825 INFO 42844 [egg-schedule]: register schedule D:\personal\notes\nodejs\egg\01\node_modules\egg-logrotator\app\schedule\rotate_by_file.js
2019-05-31 11:32:59,631 INFO 42516 [egg-schedule]: register schedule D:\personal\notes\nodejs\egg\01\node_modules\egg-multipart\app\schedule\clean_tmpdir.js
2019-05-31 11:32:59,631 INFO 42516 [egg-schedule]: register schedule D:\personal\notes\nodejs\egg\01\node_modules\egg-logrotator\app\schedule\clean_log.js
2019-05-31 11:32:59,631 INFO 42516 [egg-schedule]: register schedule D:\personal\notes\nodejs\egg\01\node_modules\egg-logrotator\app\schedule\rotate_by_file.js
2019-05-31 11:33:02,927 INFO 31452 [egg-schedule]: register schedule D:\personal\notes\nodejs\egg\01\node_modules\egg-multipart\app\schedule\clean_tmpdir.js
2019-05-31 11:33:02,928 INFO 31452 [egg-schedule]: register schedule D:\personal\notes\nodejs\egg\01\node_modules\egg-logrotator\app\schedule\clean_log.js
2019-05-31 11:33:02,928 INFO 31452 [egg-schedule]: register schedule D:\personal\notes\nodejs\egg\01\node_modules\egg-logrotator\app\schedule\rotate_by_file.js
2019-05-31 11:33:05,864 INFO 1152 [egg-schedule]: register schedule D:\personal\notes\nodejs\egg\01\node_modules\egg-multipart\app\schedule\clean_tmpdir.js
2019-05-31 11:33:05,864 INFO 1152 [egg-schedule]: register schedule D:\personal\notes\nodejs\egg\01\node_modules\egg-logrotator\app\schedule\clean_log.js
2019-05-31 11:33:05,864 INFO 1152 [egg-schedule]: register schedule D:\personal\notes\nodejs\egg\01\node_modules\egg-logrotator\app\schedule\rotate_by_file.js
2019-05-31 11:33:09,371 INFO 66320 [egg-schedule]: register schedule D:\personal\notes\nodejs\egg\01\node_modules\egg-multipart\app\schedule\clean_tmpdir.js
2019-05-31 11:33:09,371 INFO 66320 [egg-schedule]: register schedule D:\personal\notes\nodejs\egg\01\node_modules\egg-logrotator\app\schedule\clean_log.js
2019-05-31 11:33:09,371 INFO 66320 [egg-schedule]: register schedule D:\personal\notes\nodejs\egg\01\node_modules\egg-logrotator\app\schedule\rotate_by_file.js
2019-05-31 11:33:10,644 INFO 69416 [egg-schedule]: register schedule D:\personal\notes\nodejs\egg\01\node_modules\egg-multipart\app\schedule\clean_tmpdir.js
2019-05-31 11:33:10,644 INFO 69416 [egg-schedule]: register schedule D:\personal\notes\nodejs\egg\01\node_modules\egg-logrotator\app\schedule\clean_log.js
2019-05-31 11:33:10,644 INFO 69416 [egg-schedule]: register schedule D:\personal\notes\nodejs\egg\01\node_modules\egg-logrotator\app\schedule\rotate_by_file.js
2019-05-31 11:33:12,939 INFO 45744 [egg-schedule]: register schedule D:\personal\notes\nodejs\egg\01\node_modules\egg-multipart\app\schedule\clean_tmpdir.js
2019-05-31 11:33:12,939 INFO 45744 [egg-schedule]: register schedule D:\personal\notes\nodejs\egg\01\node_modules\egg-logrotator\app\schedule\clean_log.js
2019-05-31 11:33:12,939 INFO 45744 [egg-schedule]: register schedule D:\personal\notes\nodejs\egg\01\node_modules\egg-logrotator\app\schedule\rotate_by_file.js
2019-05-31 11:33:14,502 INFO 72756 [egg-schedule]: register schedule D:\personal\notes\nodejs\egg\01\node_modules\egg-multipart\app\schedule\clean_tmpdir.js
2019-05-31 11:33:14,502 INFO 72756 [egg-schedule]: register schedule D:\personal\notes\nodejs\egg\01\node_modules\egg-logrotator\app\schedule\clean_log.js
2019-05-31 11:33:14,502 INFO 72756 [egg-schedule]: register schedule D:\personal\notes\nodejs\egg\01\node_modules\egg-logrotator\app\schedule\rotate_by_file.js
2019-05-31 11:33:15,757 INFO 82712 [egg-schedule]: register schedule D:\personal\notes\nodejs\egg\01\node_modules\egg-multipart\app\schedule\clean_tmpdir.js
2019-05-31 11:33:15,757 INFO 82712 [egg-schedule]: register schedule D:\personal\notes\nodejs\egg\01\node_modules\egg-logrotator\app\schedule\clean_log.js
2019-05-31 11:33:15,757 INFO 82712 [egg-schedule]: register schedule D:\personal\notes\nodejs\egg\01\node_modules\egg-logrotator\app\schedule\rotate_by_file.js
2019-05-31 11:33:17,304 INFO 38028 [egg-schedule]: register schedule D:\personal\notes\nodejs\egg\01\node_modules\egg-multipart\app\schedule\clean_tmpdir.js
2019-05-31 11:33:17,304 INFO 38028 [egg-schedule]: register schedule D:\personal\notes\nodejs\egg\01\node_modules\egg-logrotator\app\schedule\clean_log.js
2019-05-31 11:33:17,304 INFO 38028 [egg-schedule]: register schedule D:\personal\notes\nodejs\egg\01\node_modules\egg-logrotator\app\schedule\rotate_by_file.js
2019-05-31 11:33:20,359 INFO 75636 [egg-schedule]: register schedule D:\personal\notes\nodejs\egg\01\node_modules\egg-multipart\app\schedule\clean_tmpdir.js
2019-05-31 11:33:20,359 INFO 75636 [egg-schedule]: register schedule D:\personal\notes\nodejs\egg\01\node_modules\egg-logrotator\app\schedule\clean_log.js
2019-05-31 11:33:20,359 INFO 75636 [egg-schedule]: register schedule D:\personal\notes\nodejs\egg\01\node_modules\egg-logrotator\app\schedule\rotate_by_file.js
2019-05-31 11:33:22,017 INFO 76256 [egg-schedule]: register schedule D:\personal\notes\nodejs\egg\01\node_modules\egg-multipart\app\schedule\clean_tmpdir.js
2019-05-31 11:33:22,017 INFO 76256 [egg-schedule]: register schedule D:\personal\notes\nodejs\egg\01\node_modules\egg-logrotator\app\schedule\clean_log.js
2019-05-31 11:33:22,017 INFO 76256 [egg-schedule]: register schedule D:\personal\notes\nodejs\egg\01\node_modules\egg-logrotator\app\schedule\rotate_by_file.js
2019-05-31 11:33:32,858 INFO 84740 [egg-schedule]: register schedule D:\personal\notes\nodejs\egg\01\node_modules\egg-multipart\app\schedule\clean_tmpdir.js
2019-05-31 11:33:32,858 INFO 84740 [egg-schedule]: register schedule D:\personal\notes\nodejs\egg\01\node_modules\egg-logrotator\app\schedule\clean_log.js
2019-05-31 11:33:32,858 INFO 84740 [egg-schedule]: register schedule D:\personal\notes\nodejs\egg\01\node_modules\egg-logrotator\app\schedule\rotate_by_file.js
2019-05-31 11:33:34,153 INFO 87880 [egg-schedule]: register schedule D:\personal\notes\nodejs\egg\01\node_modules\egg-multipart\app\schedule\clean_tmpdir.js
2019-05-31 11:33:34,153 INFO 87880 [egg-schedule]: register schedule D:\personal\notes\nodejs\egg\01\node_modules\egg-logrotator\app\schedule\clean_log.js
2019-05-31 11:33:34,153 INFO 87880 [egg-schedule]: register schedule D:\personal\notes\nodejs\egg\01\node_modules\egg-logrotator\app\schedule\rotate_by_file.js
2019-05-31 11:33:35,465 INFO 27240 [egg-schedule]: register schedule D:\personal\notes\nodejs\egg\01\node_modules\egg-multipart\app\schedule\clean_tmpdir.js
2019-05-31 11:33:35,465 INFO 27240 [egg-schedule]: register schedule D:\personal\notes\nodejs\egg\01\node_modules\egg-logrotator\app\schedule\clean_log.js
2019-05-31 11:33:35,465 INFO 27240 [egg-schedule]: register schedule D:\personal\notes\nodejs\egg\01\node_modules\egg-logrotator\app\schedule\rotate_by_file.js
2019-05-31 11:33:37,920 INFO 85828 [egg-schedule]: register schedule D:\personal\notes\nodejs\egg\01\node_modules\egg-multipart\app\schedule\clean_tmpdir.js
2019-05-31 11:33:37,920 INFO 85828 [egg-schedule]: register schedule D:\personal\notes\nodejs\egg\01\node_modules\egg-logrotator\app\schedule\clean_log.js
2019-05-31 11:33:37,920 INFO 85828 [egg-schedule]: register schedule D:\personal\notes\nodejs\egg\01\node_modules\egg-logrotator\app\schedule\rotate_by_file.js
2019-05-31 11:33:40,392 INFO 15996 [egg-schedule]: register schedule D:\personal\notes\nodejs\egg\01\node_modules\egg-multipart\app\schedule\clean_tmpdir.js
2019-05-31 11:33:40,392 INFO 15996 [egg-schedule]: register schedule D:\personal\notes\nodejs\egg\01\node_modules\egg-logrotator\app\schedule\clean_log.js
2019-05-31 11:33:40,392 INFO 15996 [egg-schedule]: register schedule D:\personal\notes\nodejs\egg\01\node_modules\egg-logrotator\app\schedule\rotate_by_file.js
2019-05-31 11:34:09,269 INFO 80804 [egg-schedule]: register schedule D:\personal\notes\nodejs\egg\01\node_modules\egg-multipart\app\schedule\clean_tmpdir.js
2019-05-31 11:34:09,269 INFO 80804 [egg-schedule]: register schedule D:\personal\notes\nodejs\egg\01\node_modules\egg-logrotator\app\schedule\clean_log.js
2019-05-31 11:34:09,269 INFO 80804 [egg-schedule]: register schedule D:\personal\notes\nodejs\egg\01\node_modules\egg-logrotator\app\schedule\rotate_by_file.js
2019-05-31 11:34:11,997 INFO 72208 [egg-schedule]: register schedule D:\personal\notes\nodejs\egg\01\node_modules\egg-multipart\app\schedule\clean_tmpdir.js
2019-05-31 11:34:11,997 INFO 72208 [egg-schedule]: register schedule D:\personal\notes\nodejs\egg\01\node_modules\egg-logrotator\app\schedule\clean_log.js
2019-05-31 11:34:11,997 INFO 72208 [egg-schedule]: register schedule D:\personal\notes\nodejs\egg\01\node_modules\egg-logrotator\app\schedule\rotate_by_file.js
2019-05-31 11:34:25,399 INFO 42112 [egg-schedule]: register schedule D:\personal\notes\nodejs\egg\01\node_modules\egg-multipart\app\schedule\clean_tmpdir.js
2019-05-31 11:34:25,399 INFO 42112 [egg-schedule]: register schedule D:\personal\notes\nodejs\egg\01\node_modules\egg-logrotator\app\schedule\clean_log.js
2019-05-31 11:34:25,399 INFO 42112 [egg-schedule]: register schedule D:\personal\notes\nodejs\egg\01\node_modules\egg-logrotator\app\schedule\rotate_by_file.js
2019-05-31 11:34:28,557 INFO 46652 [egg-schedule]: register schedule D:\personal\notes\nodejs\egg\01\node_modules\egg-multipart\app\schedule\clean_tmpdir.js
2019-05-31 11:34:28,557 INFO 46652 [egg-schedule]: register schedule D:\personal\notes\nodejs\egg\01\node_modules\egg-logrotator\app\schedule\clean_log.js
2019-05-31 11:34:28,557 INFO 46652 [egg-schedule]: register schedule D:\personal\notes\nodejs\egg\01\node_modules\egg-logrotator\app\schedule\rotate_by_file.js
2019-05-31 11:34:42,168 INFO 14448 [egg-schedule]: register schedule D:\personal\notes\nodejs\egg\01\node_modules\egg-multipart\app\schedule\clean_tmpdir.js
2019-05-31 11:34:42,168 INFO 14448 [egg-schedule]: register schedule D:\personal\notes\nodejs\egg\01\node_modules\egg-logrotator\app\schedule\clean_log.js
2019-05-31 11:34:42,168 INFO 14448 [egg-schedule]: register schedule D:\personal\notes\nodejs\egg\01\node_modules\egg-logrotator\app\schedule\rotate_by_file.js
2019-05-31 11:34:45,685 INFO 54200 [egg-schedule]: register schedule D:\personal\notes\nodejs\egg\01\node_modules\egg-multipart\app\schedule\clean_tmpdir.js
2019-05-31 11:34:45,685 INFO 54200 [egg-schedule]: register schedule D:\personal\notes\nodejs\egg\01\node_modules\egg-logrotator\app\schedule\clean_log.js
2019-05-31 11:34:45,685 INFO 54200 [egg-schedule]: register schedule D:\personal\notes\nodejs\egg\01\node_modules\egg-logrotator\app\schedule\rotate_by_file.js
2019-05-31 11:59:05,292 INFO 61324 [egg-schedule]: register schedule D:\personal\notes\nodejs\egg\01\node_modules\egg-multipart\app\schedule\clean_tmpdir.js
2019-05-31 11:59:05,292 INFO 61324 [egg-schedule]: register schedule D:\personal\notes\nodejs\egg\01\node_modules\egg-logrotator\app\schedule\clean_log.js
2019-05-31 11:59:05,292 INFO 61324 [egg-schedule]: register schedule D:\personal\notes\nodejs\egg\01\node_modules\egg-logrotator\app\schedule\rotate_by_file.js
2019-05-31 11:59:06,863 INFO 49296 [egg-schedule]: register schedule D:\personal\notes\nodejs\egg\01\node_modules\egg-multipart\app\schedule\clean_tmpdir.js
2019-05-31 11:59:06,863 INFO 49296 [egg-schedule]: register schedule D:\personal\notes\nodejs\egg\01\node_modules\egg-logrotator\app\schedule\clean_log.js
2019-05-31 11:59:06,863 INFO 49296 [egg-schedule]: register schedule D:\personal\notes\nodejs\egg\01\node_modules\egg-logrotator\app\schedule\rotate_by_file.js
2019-05-31 11:59:20,376 INFO 13852 [egg-schedule]: register schedule D:\personal\notes\nodejs\egg\01\node_modules\egg-multipart\app\schedule\clean_tmpdir.js
2019-05-31 11:59:20,376 INFO 13852 [egg-schedule]: register schedule D:\personal\notes\nodejs\egg\01\node_modules\egg-logrotator\app\schedule\clean_log.js
2019-05-31 11:59:20,376 INFO 13852 [egg-schedule]: register schedule D:\personal\notes\nodejs\egg\01\node_modules\egg-logrotator\app\schedule\rotate_by_file.js
2019-05-31 11:59:29,967 INFO 38408 [egg-schedule]: register schedule D:\personal\notes\nodejs\egg\01\node_modules\egg-multipart\app\schedule\clean_tmpdir.js
2019-05-31 11:59:29,967 INFO 38408 [egg-schedule]: register schedule D:\personal\notes\nodejs\egg\01\node_modules\egg-logrotator\app\schedule\clean_log.js
2019-05-31 11:59:29,967 INFO 38408 [egg-schedule]: register schedule D:\personal\notes\nodejs\egg\01\node_modules\egg-logrotator\app\schedule\rotate_by_file.js
2019-05-31 11:59:31,346 INFO 46952 [egg-schedule]: register schedule D:\personal\notes\nodejs\egg\01\node_modules\egg-multipart\app\schedule\clean_tmpdir.js
2019-05-31 11:59:31,346 INFO 46952 [egg-schedule]: register schedule D:\personal\notes\nodejs\egg\01\node_modules\egg-logrotator\app\schedule\clean_log.js
2019-05-31 11:59:31,346 INFO 46952 [egg-schedule]: register schedule D:\personal\notes\nodejs\egg\01\node_modules\egg-logrotator\app\schedule\rotate_by_file.js
2019-05-31 11:59:58,598 INFO 60916 [egg-schedule]: register schedule D:\personal\notes\nodejs\egg\01\node_modules\egg-multipart\app\schedule\clean_tmpdir.js
2019-05-31 11:59:58,598 INFO 60916 [egg-schedule]: register schedule D:\personal\notes\nodejs\egg\01\node_modules\egg-logrotator\app\schedule\clean_log.js
2019-05-31 11:59:58,598 INFO 60916 [egg-schedule]: register schedule D:\personal\notes\nodejs\egg\01\node_modules\egg-logrotator\app\schedule\rotate_by_file.js
2019-05-31 12:00:01,509 INFO 24436 [egg-schedule]: register schedule D:\personal\notes\nodejs\egg\01\node_modules\egg-multipart\app\schedule\clean_tmpdir.js
2019-05-31 12:00:01,509 INFO 24436 [egg-schedule]: register schedule D:\personal\notes\nodejs\egg\01\node_modules\egg-logrotator\app\schedule\clean_log.js
2019-05-31 12:00:01,509 INFO 24436 [egg-schedule]: register schedule D:\personal\notes\nodejs\egg\01\node_modules\egg-logrotator\app\schedule\rotate_by_file.js
2019-05-31 12:00:20,940 INFO 64476 [egg-schedule]: register schedule D:\personal\notes\nodejs\egg\01\node_modules\egg-multipart\app\schedule\clean_tmpdir.js
2019-05-31 12:00:20,940 INFO 64476 [egg-schedule]: register schedule D:\personal\notes\nodejs\egg\01\node_modules\egg-logrotator\app\schedule\clean_log.js
2019-05-31 12:00:20,940 INFO 64476 [egg-schedule]: register schedule D:\personal\notes\nodejs\egg\01\node_modules\egg-logrotator\app\schedule\rotate_by_file.js
2019-05-31 12:00:22,616 INFO 34040 [egg-schedule]: register schedule D:\personal\notes\nodejs\egg\01\node_modules\egg-multipart\app\schedule\clean_tmpdir.js
2019-05-31 12:00:22,616 INFO 34040 [egg-schedule]: register schedule D:\personal\notes\nodejs\egg\01\node_modules\egg-logrotator\app\schedule\clean_log.js
2019-05-31 12:00:22,616 INFO 34040 [egg-schedule]: register schedule D:\personal\notes\nodejs\egg\01\node_modules\egg-logrotator\app\schedule\rotate_by_file.js
2019-05-31 12:00:24,626 INFO 54800 [egg-schedule]: register schedule D:\personal\notes\nodejs\egg\01\node_modules\egg-multipart\app\schedule\clean_tmpdir.js
2019-05-31 12:00:24,626 INFO 54800 [egg-schedule]: register schedule D:\personal\notes\nodejs\egg\01\node_modules\egg-logrotator\app\schedule\clean_log.js
2019-05-31 12:00:24,626 INFO 54800 [egg-schedule]: register schedule D:\personal\notes\nodejs\egg\01\node_modules\egg-logrotator\app\schedule\rotate_by_file.js
2019-05-31 12:00:26,096 INFO 46484 [egg-schedule]: register schedule D:\personal\notes\nodejs\egg\01\node_modules\egg-multipart\app\schedule\clean_tmpdir.js
2019-05-31 12:00:26,096 INFO 46484 [egg-schedule]: register schedule D:\personal\notes\nodejs\egg\01\node_modules\egg-logrotator\app\schedule\clean_log.js
2019-05-31 12:00:26,096 INFO 46484 [egg-schedule]: register schedule D:\personal\notes\nodejs\egg\01\node_modules\egg-logrotator\app\schedule\rotate_by_file.js
2019-05-31 14:08:40,779 INFO 55572 [egg-schedule]: register schedule D:\personal\notes\nodejs\egg\01\node_modules\egg-multipart\app\schedule\clean_tmpdir.js
2019-05-31 14:08:40,779 INFO 55572 [egg-schedule]: register schedule D:\personal\notes\nodejs\egg\01\node_modules\egg-logrotator\app\schedule\clean_log.js
2019-05-31 14:08:40,779 INFO 55572 [egg-schedule]: register schedule D:\personal\notes\nodejs\egg\01\node_modules\egg-logrotator\app\schedule\rotate_by_file.js
2019-05-31 14:08:46,300 INFO 17896 [egg-schedule]: register schedule D:\personal\notes\nodejs\egg\01\node_modules\egg-multipart\app\schedule\clean_tmpdir.js
2019-05-31 14:08:46,300 INFO 17896 [egg-schedule]: register schedule D:\personal\notes\nodejs\egg\01\node_modules\egg-logrotator\app\schedule\clean_log.js
2019-05-31 14:08:46,300 INFO 17896 [egg-schedule]: register schedule D:\personal\notes\nodejs\egg\01\node_modules\egg-logrotator\app\schedule\rotate_by_file.js
2019-05-31 14:08:47,606 INFO 22376 [egg-schedule]: register schedule D:\personal\notes\nodejs\egg\01\node_modules\egg-multipart\app\schedule\clean_tmpdir.js
2019-05-31 14:08:47,606 INFO 22376 [egg-schedule]: register schedule D:\personal\notes\nodejs\egg\01\node_modules\egg-logrotator\app\schedule\clean_log.js
2019-05-31 14:08:47,606 INFO 22376 [egg-schedule]: register schedule D:\personal\notes\nodejs\egg\01\node_modules\egg-logrotator\app\schedule\rotate_by_file.js
2019-05-31 14:08:50,304 INFO 88636 [egg-schedule]: register schedule D:\personal\notes\nodejs\egg\01\node_modules\egg-multipart\app\schedule\clean_tmpdir.js
2019-05-31 14:08:50,304 INFO 88636 [egg-schedule]: register schedule D:\personal\notes\nodejs\egg\01\node_modules\egg-logrotator\app\schedule\clean_log.js
2019-05-31 14:08:50,304 INFO 88636 [egg-schedule]: register schedule D:\personal\notes\nodejs\egg\01\node_modules\egg-logrotator\app\schedule\rotate_by_file.js
2019-05-31 14:08:54,690 INFO 24948 [egg-schedule]: register schedule D:\personal\notes\nodejs\egg\01\node_modules\egg-multipart\app\schedule\clean_tmpdir.js
2019-05-31 14:08:54,690 INFO 24948 [egg-schedule]: register schedule D:\personal\notes\nodejs\egg\01\node_modules\egg-logrotator\app\schedule\clean_log.js
2019-05-31 14:08:54,690 INFO 24948 [egg-schedule]: register schedule D:\personal\notes\nodejs\egg\01\node_modules\egg-logrotator\app\schedule\rotate_by_file.js
2019-05-31 14:08:58,821 INFO 66624 [egg-schedule]: register schedule D:\personal\notes\nodejs\egg\01\node_modules\egg-multipart\app\schedule\clean_tmpdir.js
2019-05-31 14:08:58,821 INFO 66624 [egg-schedule]: register schedule D:\personal\notes\nodejs\egg\01\node_modules\egg-logrotator\app\schedule\clean_log.js
2019-05-31 14:08:58,821 INFO 66624 [egg-schedule]: register schedule D:\personal\notes\nodejs\egg\01\node_modules\egg-logrotator\app\schedule\rotate_by_file.js
2019-05-31 14:09:00,190 INFO 12336 [egg-schedule]: register schedule D:\personal\notes\nodejs\egg\01\node_modules\egg-multipart\app\schedule\clean_tmpdir.js
2019-05-31 14:09:00,190 INFO 12336 [egg-schedule]: register schedule D:\personal\notes\nodejs\egg\01\node_modules\egg-logrotator\app\schedule\clean_log.js
2019-05-31 14:09:00,190 INFO 12336 [egg-schedule]: register schedule D:\personal\notes\nodejs\egg\01\node_modules\egg-logrotator\app\schedule\rotate_by_file.js
2019-05-31 14:09:02,310 INFO 86472 [egg-schedule]: register schedule D:\personal\notes\nodejs\egg\01\node_modules\egg-multipart\app\schedule\clean_tmpdir.js
2019-05-31 14:09:02,310 INFO 86472 [egg-schedule]: register schedule D:\personal\notes\nodejs\egg\01\node_modules\egg-logrotator\app\schedule\clean_log.js
2019-05-31 14:09:02,310 INFO 86472 [egg-schedule]: register schedule D:\personal\notes\nodejs\egg\01\node_modules\egg-logrotator\app\schedule\rotate_by_file.js
2019-05-31 14:09:03,883 INFO 83828 [egg-schedule]: register schedule D:\personal\notes\nodejs\egg\01\node_modules\egg-multipart\app\schedule\clean_tmpdir.js
2019-05-31 14:09:03,883 INFO 83828 [egg-schedule]: register schedule D:\personal\notes\nodejs\egg\01\node_modules\egg-logrotator\app\schedule\clean_log.js
2019-05-31 14:09:03,883 INFO 83828 [egg-schedule]: register schedule D:\personal\notes\nodejs\egg\01\node_modules\egg-logrotator\app\schedule\rotate_by_file.js
2019-05-31 14:09:17,315 INFO 9140 [egg-schedule]: register schedule D:\personal\notes\nodejs\egg\01\node_modules\egg-multipart\app\schedule\clean_tmpdir.js
2019-05-31 14:09:17,315 INFO 9140 [egg-schedule]: register schedule D:\personal\notes\nodejs\egg\01\node_modules\egg-logrotator\app\schedule\clean_log.js
2019-05-31 14:09:17,315 INFO 9140 [egg-schedule]: register schedule D:\personal\notes\nodejs\egg\01\node_modules\egg-logrotator\app\schedule\rotate_by_file.js
2019-05-31 14:09:18,647 INFO 52840 [egg-schedule]: register schedule D:\personal\notes\nodejs\egg\01\node_modules\egg-multipart\app\schedule\clean_tmpdir.js
2019-05-31 14:09:18,647 INFO 52840 [egg-schedule]: register schedule D:\personal\notes\nodejs\egg\01\node_modules\egg-logrotator\app\schedule\clean_log.js
2019-05-31 14:09:18,647 INFO 52840 [egg-schedule]: register schedule D:\personal\notes\nodejs\egg\01\node_modules\egg-logrotator\app\schedule\rotate_by_file.js
2019-05-31 14:09:20,644 INFO 14384 [egg-schedule]: register schedule D:\personal\notes\nodejs\egg\01\node_modules\egg-multipart\app\schedule\clean_tmpdir.js
2019-05-31 14:09:20,644 INFO 14384 [egg-schedule]: register schedule D:\personal\notes\nodejs\egg\01\node_modules\egg-logrotator\app\schedule\clean_log.js
2019-05-31 14:09:20,644 INFO 14384 [egg-schedule]: register schedule D:\personal\notes\nodejs\egg\01\node_modules\egg-logrotator\app\schedule\rotate_by_file.js
2019-05-31 14:09:22,474 INFO 35884 [egg-schedule]: register schedule D:\personal\notes\nodejs\egg\01\node_modules\egg-multipart\app\schedule\clean_tmpdir.js
2019-05-31 14:09:22,474 INFO 35884 [egg-schedule]: register schedule D:\personal\notes\nodejs\egg\01\node_modules\egg-logrotator\app\schedule\clean_log.js
2019-05-31 14:09:22,474 INFO 35884 [egg-schedule]: register schedule D:\personal\notes\nodejs\egg\01\node_modules\egg-logrotator\app\schedule\rotate_by_file.js
2019-05-31 14:09:23,899 INFO 78280 [egg-schedule]: register schedule D:\personal\notes\nodejs\egg\01\node_modules\egg-multipart\app\schedule\clean_tmpdir.js
2019-05-31 14:09:23,899 INFO 78280 [egg-schedule]: register schedule D:\personal\notes\nodejs\egg\01\node_modules\egg-logrotator\app\schedule\clean_log.js
2019-05-31 14:09:23,899 INFO 78280 [egg-schedule]: register schedule D:\personal\notes\nodejs\egg\01\node_modules\egg-logrotator\app\schedule\rotate_by_file.js
2019-05-31 14:09:25,528 INFO 9916 [egg-schedule]: register schedule D:\personal\notes\nodejs\egg\01\node_modules\egg-multipart\app\schedule\clean_tmpdir.js
2019-05-31 14:09:25,528 INFO 9916 [egg-schedule]: register schedule D:\personal\notes\nodejs\egg\01\node_modules\egg-logrotator\app\schedule\clean_log.js
2019-05-31 14:09:25,528 INFO 9916 [egg-schedule]: register schedule D:\personal\notes\nodejs\egg\01\node_modules\egg-logrotator\app\schedule\rotate_by_file.js
2019-05-31 14:09:28,969 INFO 73716 [egg-schedule]: register schedule D:\personal\notes\nodejs\egg\01\node_modules\egg-multipart\app\schedule\clean_tmpdir.js
2019-05-31 14:09:28,969 INFO 73716 [egg-schedule]: register schedule D:\personal\notes\nodejs\egg\01\node_modules\egg-logrotator\app\schedule\clean_log.js
2019-05-31 14:09:28,969 INFO 73716 [egg-schedule]: register schedule D:\personal\notes\nodejs\egg\01\node_modules\egg-logrotator\app\schedule\rotate_by_file.js
2019-05-31 14:09:31,025 INFO 55240 [egg-schedule]: register schedule D:\personal\notes\nodejs\egg\01\node_modules\egg-multipart\app\schedule\clean_tmpdir.js
2019-05-31 14:09:31,025 INFO 55240 [egg-schedule]: register schedule D:\personal\notes\nodejs\egg\01\node_modules\egg-logrotator\app\schedule\clean_log.js
2019-05-31 14:09:31,025 INFO 55240 [egg-schedule]: register schedule D:\personal\notes\nodejs\egg\01\node_modules\egg-logrotator\app\schedule\rotate_by_file.js
2019-05-31 14:09:33,748 INFO 11992 [egg-schedule]: register schedule D:\personal\notes\nodejs\egg\01\node_modules\egg-multipart\app\schedule\clean_tmpdir.js
2019-05-31 14:09:33,748 INFO 11992 [egg-schedule]: register schedule D:\personal\notes\nodejs\egg\01\node_modules\egg-logrotator\app\schedule\clean_log.js
2019-05-31 14:09:33,748 INFO 11992 [egg-schedule]: register schedule D:\personal\notes\nodejs\egg\01\node_modules\egg-logrotator\app\schedule\rotate_by_file.js
2019-05-31 14:09:36,039 INFO 58264 [egg-schedule]: register schedule D:\personal\notes\nodejs\egg\01\node_modules\egg-multipart\app\schedule\clean_tmpdir.js
2019-05-31 14:09:36,039 INFO 58264 [egg-schedule]: register schedule D:\personal\notes\nodejs\egg\01\node_modules\egg-logrotator\app\schedule\clean_log.js
2019-05-31 14:09:36,039 INFO 58264 [egg-schedule]: register schedule D:\personal\notes\nodejs\egg\01\node_modules\egg-logrotator\app\schedule\rotate_by_file.js
2019-05-31 14:09:39,841 INFO 48360 [egg-schedule]: register schedule D:\personal\notes\nodejs\egg\01\node_modules\egg-multipart\app\schedule\clean_tmpdir.js
2019-05-31 14:09:39,841 INFO 48360 [egg-schedule]: register schedule D:\personal\notes\nodejs\egg\01\node_modules\egg-logrotator\app\schedule\clean_log.js
2019-05-31 14:09:39,841 INFO 48360 [egg-schedule]: register schedule D:\personal\notes\nodejs\egg\01\node_modules\egg-logrotator\app\schedule\rotate_by_file.js
2019-05-31 14:09:41,221 INFO 80900 [egg-schedule]: register schedule D:\personal\notes\nodejs\egg\01\node_modules\egg-multipart\app\schedule\clean_tmpdir.js
2019-05-31 14:09:41,221 INFO 80900 [egg-schedule]: register schedule D:\personal\notes\nodejs\egg\01\node_modules\egg-logrotator\app\schedule\clean_log.js
2019-05-31 14:09:41,221 INFO 80900 [egg-schedule]: register schedule D:\personal\notes\nodejs\egg\01\node_modules\egg-logrotator\app\schedule\rotate_by_file.js
2019-05-31 14:09:45,985 INFO 79924 [egg-schedule]: register schedule D:\personal\notes\nodejs\egg\01\node_modules\egg-multipart\app\schedule\clean_tmpdir.js
2019-05-31 14:09:45,985 INFO 79924 [egg-schedule]: register schedule D:\personal\notes\nodejs\egg\01\node_modules\egg-logrotator\app\schedule\clean_log.js
2019-05-31 14:09:45,985 INFO 79924 [egg-schedule]: register schedule D:\personal\notes\nodejs\egg\01\node_modules\egg-logrotator\app\schedule\rotate_by_file.js
2019-05-31 14:09:47,248 INFO 16228 [egg-schedule]: register schedule D:\personal\notes\nodejs\egg\01\node_modules\egg-multipart\app\schedule\clean_tmpdir.js
2019-05-31 14:09:47,248 INFO 16228 [egg-schedule]: register schedule D:\personal\notes\nodejs\egg\01\node_modules\egg-logrotator\app\schedule\clean_log.js
2019-05-31 14:09:47,248 INFO 16228 [egg-schedule]: register schedule D:\personal\notes\nodejs\egg\01\node_modules\egg-logrotator\app\schedule\rotate_by_file.js
2019-05-31 14:11:27,384 INFO 15916 [egg-schedule]: register schedule D:\personal\notes\nodejs\egg\01\node_modules\egg-multipart\app\schedule\clean_tmpdir.js
2019-05-31 14:11:27,384 INFO 15916 [egg-schedule]: register schedule D:\personal\notes\nodejs\egg\01\node_modules\egg-logrotator\app\schedule\clean_log.js
2019-05-31 14:11:27,384 INFO 15916 [egg-schedule]: register schedule D:\personal\notes\nodejs\egg\01\node_modules\egg-logrotator\app\schedule\rotate_by_file.js
2019-05-31 14:11:28,698 INFO 42400 [egg-schedule]: register schedule D:\personal\notes\nodejs\egg\01\node_modules\egg-multipart\app\schedule\clean_tmpdir.js
2019-05-31 14:11:28,698 INFO 42400 [egg-schedule]: register schedule D:\personal\notes\nodejs\egg\01\node_modules\egg-logrotator\app\schedule\clean_log.js
2019-05-31 14:11:28,698 INFO 42400 [egg-schedule]: register schedule D:\personal\notes\nodejs\egg\01\node_modules\egg-logrotator\app\schedule\rotate_by_file.js
2019-05-31 14:11:32,278 INFO 30460 [egg-schedule]: register schedule D:\personal\notes\nodejs\egg\01\node_modules\egg-multipart\app\schedule\clean_tmpdir.js
2019-05-31 14:11:32,278 INFO 30460 [egg-schedule]: register schedule D:\personal\notes\nodejs\egg\01\node_modules\egg-logrotator\app\schedule\clean_log.js
2019-05-31 14:11:32,278 INFO 30460 [egg-schedule]: register schedule D:\personal\notes\nodejs\egg\01\node_modules\egg-logrotator\app\schedule\rotate_by_file.js
2019-05-31 14:11:34,018 INFO 61468 [egg-schedule]: register schedule D:\personal\notes\nodejs\egg\01\node_modules\egg-multipart\app\schedule\clean_tmpdir.js
2019-05-31 14:11:34,018 INFO 61468 [egg-schedule]: register schedule D:\personal\notes\nodejs\egg\01\node_modules\egg-logrotator\app\schedule\clean_log.js
2019-05-31 14:11:34,018 INFO 61468 [egg-schedule]: register schedule D:\personal\notes\nodejs\egg\01\node_modules\egg-logrotator\app\schedule\rotate_by_file.js
2019-05-31 14:11:35,319 INFO 29000 [egg-schedule]: register schedule D:\personal\notes\nodejs\egg\01\node_modules\egg-multipart\app\schedule\clean_tmpdir.js
2019-05-31 14:11:35,319 INFO 29000 [egg-schedule]: register schedule D:\personal\notes\nodejs\egg\01\node_modules\egg-logrotator\app\schedule\clean_log.js
2019-05-31 14:11:35,319 INFO 29000 [egg-schedule]: register schedule D:\personal\notes\nodejs\egg\01\node_modules\egg-logrotator\app\schedule\rotate_by_file.js
2019-05-31 14:11:39,135 INFO 86552 [egg-schedule]: register schedule D:\personal\notes\nodejs\egg\01\node_modules\egg-multipart\app\schedule\clean_tmpdir.js
2019-05-31 14:11:39,135 INFO 86552 [egg-schedule]: register schedule D:\personal\notes\nodejs\egg\01\node_modules\egg-logrotator\app\schedule\clean_log.js
2019-05-31 14:11:39,135 INFO 86552 [egg-schedule]: register schedule D:\personal\notes\nodejs\egg\01\node_modules\egg-logrotator\app\schedule\rotate_by_file.js
2019-05-31 14:11:41,005 INFO 61408 [egg-schedule]: register schedule D:\personal\notes\nodejs\egg\01\node_modules\egg-multipart\app\schedule\clean_tmpdir.js
2019-05-31 14:11:41,005 INFO 61408 [egg-schedule]: register schedule D:\personal\notes\nodejs\egg\01\node_modules\egg-logrotator\app\schedule\clean_log.js
2019-05-31 14:11:41,005 INFO 61408 [egg-schedule]: register schedule D:\personal\notes\nodejs\egg\01\node_modules\egg-logrotator\app\schedule\rotate_by_file.js
2019-05-31 14:11:43,548 INFO 59952 [egg-schedule]: register schedule D:\personal\notes\nodejs\egg\01\node_modules\egg-multipart\app\schedule\clean_tmpdir.js
2019-05-31 14:11:43,548 INFO 59952 [egg-schedule]: register schedule D:\personal\notes\nodejs\egg\01\node_modules\egg-logrotator\app\schedule\clean_log.js
2019-05-31 14:11:43,548 INFO 59952 [egg-schedule]: register schedule D:\personal\notes\nodejs\egg\01\node_modules\egg-logrotator\app\schedule\rotate_by_file.js
2019-05-31 14:11:45,390 INFO 43112 [egg-schedule]: register schedule D:\personal\notes\nodejs\egg\01\node_modules\egg-multipart\app\schedule\clean_tmpdir.js
2019-05-31 14:11:45,390 INFO 43112 [egg-schedule]: register schedule D:\personal\notes\nodejs\egg\01\node_modules\egg-logrotator\app\schedule\clean_log.js
2019-05-31 14:11:45,390 INFO 43112 [egg-schedule]: register schedule D:\personal\notes\nodejs\egg\01\node_modules\egg-logrotator\app\schedule\rotate_by_file.js
2019-05-31 14:11:46,655 INFO 41664 [egg-schedule]: register schedule D:\personal\notes\nodejs\egg\01\node_modules\egg-multipart\app\schedule\clean_tmpdir.js
2019-05-31 14:11:46,655 INFO 41664 [egg-schedule]: register schedule D:\personal\notes\nodejs\egg\01\node_modules\egg-logrotator\app\schedule\clean_log.js
2019-05-31 14:11:46,655 INFO 41664 [egg-schedule]: register schedule D:\personal\notes\nodejs\egg\01\node_modules\egg-logrotator\app\schedule\rotate_by_file.js
2019-05-31 14:11:52,715 INFO 57632 [egg-schedule]: register schedule D:\personal\notes\nodejs\egg\01\node_modules\egg-multipart\app\schedule\clean_tmpdir.js
2019-05-31 14:11:52,716 INFO 57632 [egg-schedule]: register schedule D:\personal\notes\nodejs\egg\01\node_modules\egg-logrotator\app\schedule\clean_log.js
2019-05-31 14:11:52,716 INFO 57632 [egg-schedule]: register schedule D:\personal\notes\nodejs\egg\01\node_modules\egg-logrotator\app\schedule\rotate_by_file.js
2019-05-31 14:11:55,293 INFO 74468 [egg-schedule]: register schedule D:\personal\notes\nodejs\egg\01\node_modules\egg-multipart\app\schedule\clean_tmpdir.js
2019-05-31 14:11:55,293 INFO 74468 [egg-schedule]: register schedule D:\personal\notes\nodejs\egg\01\node_modules\egg-logrotator\app\schedule\clean_log.js
2019-05-31 14:11:55,293 INFO 74468 [egg-schedule]: register schedule D:\personal\notes\nodejs\egg\01\node_modules\egg-logrotator\app\schedule\rotate_by_file.js
2019-05-31 14:11:56,594 INFO 48772 [egg-schedule]: register schedule D:\personal\notes\nodejs\egg\01\node_modules\egg-multipart\app\schedule\clean_tmpdir.js
2019-05-31 14:11:56,594 INFO 48772 [egg-schedule]: register schedule D:\personal\notes\nodejs\egg\01\node_modules\egg-logrotator\app\schedule\clean_log.js
2019-05-31 14:11:56,594 INFO 48772 [egg-schedule]: register schedule D:\personal\notes\nodejs\egg\01\node_modules\egg-logrotator\app\schedule\rotate_by_file.js
2019-05-31 14:12:03,359 INFO 87196 [egg-schedule]: register schedule D:\personal\notes\nodejs\egg\01\node_modules\egg-multipart\app\schedule\clean_tmpdir.js
2019-05-31 14:12:03,359 INFO 87196 [egg-schedule]: register schedule D:\personal\notes\nodejs\egg\01\node_modules\egg-logrotator\app\schedule\clean_log.js
2019-05-31 14:12:03,359 INFO 87196 [egg-schedule]: register schedule D:\personal\notes\nodejs\egg\01\node_modules\egg-logrotator\app\schedule\rotate_by_file.js
2019-05-31 14:12:05,254 INFO 2912 [egg-schedule]: register schedule D:\personal\notes\nodejs\egg\01\node_modules\egg-multipart\app\schedule\clean_tmpdir.js
2019-05-31 14:12:05,254 INFO 2912 [egg-schedule]: register schedule D:\personal\notes\nodejs\egg\01\node_modules\egg-logrotator\app\schedule\clean_log.js
2019-05-31 14:12:05,254 INFO 2912 [egg-schedule]: register schedule D:\personal\notes\nodejs\egg\01\node_modules\egg-logrotator\app\schedule\rotate_by_file.js
2019-05-31 14:12:16,900 INFO 3980 [egg-schedule]: register schedule D:\personal\notes\nodejs\egg\01\node_modules\egg-multipart\app\schedule\clean_tmpdir.js
2019-05-31 14:12:16,900 INFO 3980 [egg-schedule]: register schedule D:\personal\notes\nodejs\egg\01\node_modules\egg-logrotator\app\schedule\clean_log.js
2019-05-31 14:12:16,900 INFO 3980 [egg-schedule]: register schedule D:\personal\notes\nodejs\egg\01\node_modules\egg-logrotator\app\schedule\rotate_by_file.js
2019-05-31 14:12:20,621 INFO 88768 [egg-schedule]: register schedule D:\personal\notes\nodejs\egg\01\node_modules\egg-multipart\app\schedule\clean_tmpdir.js
2019-05-31 14:12:20,621 INFO 88768 [egg-schedule]: register schedule D:\personal\notes\nodejs\egg\01\node_modules\egg-logrotator\app\schedule\clean_log.js
2019-05-31 14:12:20,621 INFO 88768 [egg-schedule]: register schedule D:\personal\notes\nodejs\egg\01\node_modules\egg-logrotator\app\schedule\rotate_by_file.js
2019-05-31 14:12:26,771 INFO 63452 [egg-schedule]: register schedule D:\personal\notes\nodejs\egg\01\node_modules\egg-multipart\app\schedule\clean_tmpdir.js
2019-05-31 14:12:26,771 INFO 63452 [egg-schedule]: register schedule D:\personal\notes\nodejs\egg\01\node_modules\egg-logrotator\app\schedule\clean_log.js
2019-05-31 14:12:26,771 INFO 63452 [egg-schedule]: register schedule D:\personal\notes\nodejs\egg\01\node_modules\egg-logrotator\app\schedule\rotate_by_file.js
2019-05-31 14:12:30,073 INFO 33996 [egg-schedule]: register schedule D:\personal\notes\nodejs\egg\01\node_modules\egg-multipart\app\schedule\clean_tmpdir.js
2019-05-31 14:12:30,073 INFO 33996 [egg-schedule]: register schedule D:\personal\notes\nodejs\egg\01\node_modules\egg-logrotator\app\schedule\clean_log.js
2019-05-31 14:12:30,073 INFO 33996 [egg-schedule]: register schedule D:\personal\notes\nodejs\egg\01\node_modules\egg-logrotator\app\schedule\rotate_by_file.js
2019-05-31 14:12:31,377 INFO 59208 [egg-schedule]: register schedule D:\personal\notes\nodejs\egg\01\node_modules\egg-multipart\app\schedule\clean_tmpdir.js
2019-05-31 14:12:31,377 INFO 59208 [egg-schedule]: register schedule D:\personal\notes\nodejs\egg\01\node_modules\egg-logrotator\app\schedule\clean_log.js
2019-05-31 14:12:31,377 INFO 59208 [egg-schedule]: register schedule D:\personal\notes\nodejs\egg\01\node_modules\egg-logrotator\app\schedule\rotate_by_file.js
2019-05-31 14:12:37,003 INFO 48804 [egg-schedule]: register schedule D:\personal\notes\nodejs\egg\01\node_modules\egg-multipart\app\schedule\clean_tmpdir.js
2019-05-31 14:12:37,003 INFO 48804 [egg-schedule]: register schedule D:\personal\notes\nodejs\egg\01\node_modules\egg-logrotator\app\schedule\clean_log.js
2019-05-31 14:12:37,003 INFO 48804 [egg-schedule]: register schedule D:\personal\notes\nodejs\egg\01\node_modules\egg-logrotator\app\schedule\rotate_by_file.js
2019-05-31 14:12:44,939 INFO 58280 [egg-schedule]: register schedule D:\personal\notes\nodejs\egg\01\node_modules\egg-multipart\app\schedule\clean_tmpdir.js
2019-05-31 14:12:44,939 INFO 58280 [egg-schedule]: register schedule D:\personal\notes\nodejs\egg\01\node_modules\egg-logrotator\app\schedule\clean_log.js
2019-05-31 14:12:44,939 INFO 58280 [egg-schedule]: register schedule D:\personal\notes\nodejs\egg\01\node_modules\egg-logrotator\app\schedule\rotate_by_file.js
2019-05-31 14:12:51,716 INFO 56232 [egg-schedule]: register schedule D:\personal\notes\nodejs\egg\01\node_modules\egg-multipart\app\schedule\clean_tmpdir.js
2019-05-31 14:12:51,716 INFO 56232 [egg-schedule]: register schedule D:\personal\notes\nodejs\egg\01\node_modules\egg-logrotator\app\schedule\clean_log.js
2019-05-31 14:12:51,716 INFO 56232 [egg-schedule]: register schedule D:\personal\notes\nodejs\egg\01\node_modules\egg-logrotator\app\schedule\rotate_by_file.js
2019-05-31 14:12:59,182 INFO 37980 [egg-schedule]: register schedule D:\personal\notes\nodejs\egg\01\node_modules\egg-multipart\app\schedule\clean_tmpdir.js
2019-05-31 14:12:59,182 INFO 37980 [egg-schedule]: register schedule D:\personal\notes\nodejs\egg\01\node_modules\egg-logrotator\app\schedule\clean_log.js
2019-05-31 14:12:59,182 INFO 37980 [egg-schedule]: register schedule D:\personal\notes\nodejs\egg\01\node_modules\egg-logrotator\app\schedule\rotate_by_file.js
2019-05-31 14:13:03,044 INFO 79612 [egg-schedule]: register schedule D:\personal\notes\nodejs\egg\01\node_modules\egg-multipart\app\schedule\clean_tmpdir.js
2019-05-31 14:13:03,044 INFO 79612 [egg-schedule]: register schedule D:\personal\notes\nodejs\egg\01\node_modules\egg-logrotator\app\schedule\clean_log.js
2019-05-31 14:13:03,044 INFO 79612 [egg-schedule]: register schedule D:\personal\notes\nodejs\egg\01\node_modules\egg-logrotator\app\schedule\rotate_by_file.js
2019-05-31 14:13:08,202 INFO 51700 [egg-schedule]: register schedule D:\personal\notes\nodejs\egg\01\node_modules\egg-multipart\app\schedule\clean_tmpdir.js
2019-05-31 14:13:08,202 INFO 51700 [egg-schedule]: register schedule D:\personal\notes\nodejs\egg\01\node_modules\egg-logrotator\app\schedule\clean_log.js
2019-05-31 14:13:08,202 INFO 51700 [egg-schedule]: register schedule D:\personal\notes\nodejs\egg\01\node_modules\egg-logrotator\app\schedule\rotate_by_file.js
2019-05-31 14:13:10,655 INFO 25080 [egg-schedule]: register schedule D:\personal\notes\nodejs\egg\01\node_modules\egg-multipart\app\schedule\clean_tmpdir.js
2019-05-31 14:13:10,655 INFO 25080 [egg-schedule]: register schedule D:\personal\notes\nodejs\egg\01\node_modules\egg-logrotator\app\schedule\clean_log.js
2019-05-31 14:13:10,655 INFO 25080 [egg-schedule]: register schedule D:\personal\notes\nodejs\egg\01\node_modules\egg-logrotator\app\schedule\rotate_by_file.js
2019-05-31 14:13:11,932 INFO 44372 [egg-schedule]: register schedule D:\personal\notes\nodejs\egg\01\node_modules\egg-multipart\app\schedule\clean_tmpdir.js
2019-05-31 14:13:11,932 INFO 44372 [egg-schedule]: register schedule D:\personal\notes\nodejs\egg\01\node_modules\egg-logrotator\app\schedule\clean_log.js
2019-05-31 14:13:11,932 INFO 44372 [egg-schedule]: register schedule D:\personal\notes\nodejs\egg\01\node_modules\egg-logrotator\app\schedule\rotate_by_file.js
2019-05-31 14:13:20,111 INFO 18464 [egg-schedule]: register schedule D:\personal\notes\nodejs\egg\01\node_modules\egg-multipart\app\schedule\clean_tmpdir.js
2019-05-31 14:13:20,111 INFO 18464 [egg-schedule]: register schedule D:\personal\notes\nodejs\egg\01\node_modules\egg-logrotator\app\schedule\clean_log.js
2019-05-31 14:13:20,111 INFO 18464 [egg-schedule]: register schedule D:\personal\notes\nodejs\egg\01\node_modules\egg-logrotator\app\schedule\rotate_by_file.js
2019-05-31 14:13:22,311 INFO 43212 [egg-schedule]: register schedule D:\personal\notes\nodejs\egg\01\node_modules\egg-multipart\app\schedule\clean_tmpdir.js
2019-05-31 14:13:22,311 INFO 43212 [egg-schedule]: register schedule D:\personal\notes\nodejs\egg\01\node_modules\egg-logrotator\app\schedule\clean_log.js
2019-05-31 14:13:22,311 INFO 43212 [egg-schedule]: register schedule D:\personal\notes\nodejs\egg\01\node_modules\egg-logrotator\app\schedule\rotate_by_file.js
2019-05-31 14:13:25,024 INFO 35776 [egg-schedule]: register schedule D:\personal\notes\nodejs\egg\01\node_modules\egg-multipart\app\schedule\clean_tmpdir.js
2019-05-31 14:13:25,024 INFO 35776 [egg-schedule]: register schedule D:\personal\notes\nodejs\egg\01\node_modules\egg-logrotator\app\schedule\clean_log.js
2019-05-31 14:13:25,024 INFO 35776 [egg-schedule]: register schedule D:\personal\notes\nodejs\egg\01\node_modules\egg-logrotator\app\schedule\rotate_by_file.js
2019-05-31 14:13:26,731 INFO 79120 [egg-schedule]: register schedule D:\personal\notes\nodejs\egg\01\node_modules\egg-multipart\app\schedule\clean_tmpdir.js
2019-05-31 14:13:26,731 INFO 79120 [egg-schedule]: register schedule D:\personal\notes\nodejs\egg\01\node_modules\egg-logrotator\app\schedule\clean_log.js
2019-05-31 14:13:26,731 INFO 79120 [egg-schedule]: register schedule D:\personal\notes\nodejs\egg\01\node_modules\egg-logrotator\app\schedule\rotate_by_file.js
2019-05-31 14:13:28,477 INFO 35456 [egg-schedule]: register schedule D:\personal\notes\nodejs\egg\01\node_modules\egg-multipart\app\schedule\clean_tmpdir.js
2019-05-31 14:13:28,477 INFO 35456 [egg-schedule]: register schedule D:\personal\notes\nodejs\egg\01\node_modules\egg-logrotator\app\schedule\clean_log.js
2019-05-31 14:13:28,477 INFO 35456 [egg-schedule]: register schedule D:\personal\notes\nodejs\egg\01\node_modules\egg-logrotator\app\schedule\rotate_by_file.js
2019-05-31 14:13:30,192 INFO 6112 [egg-schedule]: register schedule D:\personal\notes\nodejs\egg\01\node_modules\egg-multipart\app\schedule\clean_tmpdir.js
2019-05-31 14:13:30,192 INFO 6112 [egg-schedule]: register schedule D:\personal\notes\nodejs\egg\01\node_modules\egg-logrotator\app\schedule\clean_log.js
2019-05-31 14:13:30,192 INFO 6112 [egg-schedule]: register schedule D:\personal\notes\nodejs\egg\01\node_modules\egg-logrotator\app\schedule\rotate_by_file.js
2019-05-31 14:13:31,686 INFO 75676 [egg-schedule]: register schedule D:\personal\notes\nodejs\egg\01\node_modules\egg-multipart\app\schedule\clean_tmpdir.js
2019-05-31 14:13:31,686 INFO 75676 [egg-schedule]: register schedule D:\personal\notes\nodejs\egg\01\node_modules\egg-logrotator\app\schedule\clean_log.js
2019-05-31 14:13:31,686 INFO 75676 [egg-schedule]: register schedule D:\personal\notes\nodejs\egg\01\node_modules\egg-logrotator\app\schedule\rotate_by_file.js
2019-05-31 14:13:32,948 INFO 67168 [egg-schedule]: register schedule D:\personal\notes\nodejs\egg\01\node_modules\egg-multipart\app\schedule\clean_tmpdir.js
2019-05-31 14:13:32,948 INFO 67168 [egg-schedule]: register schedule D:\personal\notes\nodejs\egg\01\node_modules\egg-logrotator\app\schedule\clean_log.js
2019-05-31 14:13:32,948 INFO 67168 [egg-schedule]: register schedule D:\personal\notes\nodejs\egg\01\node_modules\egg-logrotator\app\schedule\rotate_by_file.js
2019-05-31 14:13:34,165 INFO 77960 [egg-schedule]: register schedule D:\personal\notes\nodejs\egg\01\node_modules\egg-multipart\app\schedule\clean_tmpdir.js
2019-05-31 14:13:34,165 INFO 77960 [egg-schedule]: register schedule D:\personal\notes\nodejs\egg\01\node_modules\egg-logrotator\app\schedule\clean_log.js
2019-05-31 14:13:34,165 INFO 77960 [egg-schedule]: register schedule D:\personal\notes\nodejs\egg\01\node_modules\egg-logrotator\app\schedule\rotate_by_file.js
2019-05-31 14:13:47,521 INFO 46120 [egg-schedule]: register schedule D:\personal\notes\nodejs\egg\01\node_modules\egg-multipart\app\schedule\clean_tmpdir.js
2019-05-31 14:13:47,521 INFO 46120 [egg-schedule]: register schedule D:\personal\notes\nodejs\egg\01\node_modules\egg-logrotator\app\schedule\clean_log.js
2019-05-31 14:13:47,521 INFO 46120 [egg-schedule]: register schedule D:\personal\notes\nodejs\egg\01\node_modules\egg-logrotator\app\schedule\rotate_by_file.js
2019-05-31 14:13:48,864 INFO 45628 [egg-schedule]: register schedule D:\personal\notes\nodejs\egg\01\node_modules\egg-multipart\app\schedule\clean_tmpdir.js
2019-05-31 14:13:48,864 INFO 45628 [egg-schedule]: register schedule D:\personal\notes\nodejs\egg\01\node_modules\egg-logrotator\app\schedule\clean_log.js
2019-05-31 14:13:48,864 INFO 45628 [egg-schedule]: register schedule D:\personal\notes\nodejs\egg\01\node_modules\egg-logrotator\app\schedule\rotate_by_file.js
2019-05-31 14:13:50,846 INFO 68544 [egg-schedule]: register schedule D:\personal\notes\nodejs\egg\01\node_modules\egg-multipart\app\schedule\clean_tmpdir.js
2019-05-31 14:13:50,846 INFO 68544 [egg-schedule]: register schedule D:\personal\notes\nodejs\egg\01\node_modules\egg-logrotator\app\schedule\clean_log.js
2019-05-31 14:13:50,846 INFO 68544 [egg-schedule]: register schedule D:\personal\notes\nodejs\egg\01\node_modules\egg-logrotator\app\schedule\rotate_by_file.js
2019-05-31 14:13:55,696 INFO 37104 [egg-schedule]: register schedule D:\personal\notes\nodejs\egg\01\node_modules\egg-multipart\app\schedule\clean_tmpdir.js
2019-05-31 14:13:55,696 INFO 37104 [egg-schedule]: register schedule D:\personal\notes\nodejs\egg\01\node_modules\egg-logrotator\app\schedule\clean_log.js
2019-05-31 14:13:55,696 INFO 37104 [egg-schedule]: register schedule D:\personal\notes\nodejs\egg\01\node_modules\egg-logrotator\app\schedule\rotate_by_file.js
2019-05-31 14:14:04,122 INFO 48964 [egg-schedule]: register schedule D:\personal\notes\nodejs\egg\01\node_modules\egg-multipart\app\schedule\clean_tmpdir.js
2019-05-31 14:14:04,122 INFO 48964 [egg-schedule]: register schedule D:\personal\notes\nodejs\egg\01\node_modules\egg-logrotator\app\schedule\clean_log.js
2019-05-31 14:14:04,122 INFO 48964 [egg-schedule]: register schedule D:\personal\notes\nodejs\egg\01\node_modules\egg-logrotator\app\schedule\rotate_by_file.js
2019-05-31 14:14:07,591 INFO 69844 [egg-schedule]: register schedule D:\personal\notes\nodejs\egg\01\node_modules\egg-multipart\app\schedule\clean_tmpdir.js
2019-05-31 14:14:07,591 INFO 69844 [egg-schedule]: register schedule D:\personal\notes\nodejs\egg\01\node_modules\egg-logrotator\app\schedule\clean_log.js
2019-05-31 14:14:07,591 INFO 69844 [egg-schedule]: register schedule D:\personal\notes\nodejs\egg\01\node_modules\egg-logrotator\app\schedule\rotate_by_file.js
2019-05-31 14:14:17,473 INFO 63612 [egg-schedule]: register schedule D:\personal\notes\nodejs\egg\01\node_modules\egg-multipart\app\schedule\clean_tmpdir.js
2019-05-31 14:14:17,473 INFO 63612 [egg-schedule]: register schedule D:\personal\notes\nodejs\egg\01\node_modules\egg-logrotator\app\schedule\clean_log.js
2019-05-31 14:14:17,473 INFO 63612 [egg-schedule]: register schedule D:\personal\notes\nodejs\egg\01\node_modules\egg-logrotator\app\schedule\rotate_by_file.js
2019-05-31 14:14:18,711 INFO 66528 [egg-schedule]: register schedule D:\personal\notes\nodejs\egg\01\node_modules\egg-multipart\app\schedule\clean_tmpdir.js
2019-05-31 14:14:18,711 INFO 66528 [egg-schedule]: register schedule D:\personal\notes\nodejs\egg\01\node_modules\egg-logrotator\app\schedule\clean_log.js
2019-05-31 14:14:18,711 INFO 66528 [egg-schedule]: register schedule D:\personal\notes\nodejs\egg\01\node_modules\egg-logrotator\app\schedule\rotate_by_file.js
2019-05-31 14:14:19,981 INFO 58636 [egg-schedule]: register schedule D:\personal\notes\nodejs\egg\01\node_modules\egg-multipart\app\schedule\clean_tmpdir.js
2019-05-31 14:14:19,981 INFO 58636 [egg-schedule]: register schedule D:\personal\notes\nodejs\egg\01\node_modules\egg-logrotator\app\schedule\clean_log.js
2019-05-31 14:14:19,981 INFO 58636 [egg-schedule]: register schedule D:\personal\notes\nodejs\egg\01\node_modules\egg-logrotator\app\schedule\rotate_by_file.js
2019-05-31 14:22:14,440 INFO 63504 [egg-schedule]: register schedule D:\personal\notes\nodejs\egg\01\node_modules\egg-multipart\app\schedule\clean_tmpdir.js
2019-05-31 14:22:14,441 INFO 63504 [egg-schedule]: register schedule D:\personal\notes\nodejs\egg\01\node_modules\egg-logrotator\app\schedule\clean_log.js
2019-05-31 14:22:14,441 INFO 63504 [egg-schedule]: register schedule D:\personal\notes\nodejs\egg\01\node_modules\egg-logrotator\app\schedule\rotate_by_file.js
2019-05-31 14:22:15,709 INFO 87528 [egg-schedule]: register schedule D:\personal\notes\nodejs\egg\01\node_modules\egg-multipart\app\schedule\clean_tmpdir.js
2019-05-31 14:22:15,709 INFO 87528 [egg-schedule]: register schedule D:\personal\notes\nodejs\egg\01\node_modules\egg-logrotator\app\schedule\clean_log.js
2019-05-31 14:22:15,709 INFO 87528 [egg-schedule]: register schedule D:\personal\notes\nodejs\egg\01\node_modules\egg-logrotator\app\schedule\rotate_by_file.js
2019-05-31 14:22:29,082 INFO 54596 [egg-schedule]: register schedule D:\personal\notes\nodejs\egg\01\node_modules\egg-multipart\app\schedule\clean_tmpdir.js
2019-05-31 14:22:29,082 INFO 54596 [egg-schedule]: register schedule D:\personal\notes\nodejs\egg\01\node_modules\egg-logrotator\app\schedule\clean_log.js
2019-05-31 14:22:29,082 INFO 54596 [egg-schedule]: register schedule D:\personal\notes\nodejs\egg\01\node_modules\egg-logrotator\app\schedule\rotate_by_file.js
2019-05-31 14:22:30,444 INFO 75056 [egg-schedule]: register schedule D:\personal\notes\nodejs\egg\01\node_modules\egg-multipart\app\schedule\clean_tmpdir.js
2019-05-31 14:22:30,444 INFO 75056 [egg-schedule]: register schedule D:\personal\notes\nodejs\egg\01\node_modules\egg-logrotator\app\schedule\clean_log.js
2019-05-31 14:22:30,444 INFO 75056 [egg-schedule]: register schedule D:\personal\notes\nodejs\egg\01\node_modules\egg-logrotator\app\schedule\rotate_by_file.js
2019-05-31 14:22:31,800 INFO 74800 [egg-schedule]: register schedule D:\personal\notes\nodejs\egg\01\node_modules\egg-multipart\app\schedule\clean_tmpdir.js
2019-05-31 14:22:31,800 INFO 74800 [egg-schedule]: register schedule D:\personal\notes\nodejs\egg\01\node_modules\egg-logrotator\app\schedule\clean_log.js
2019-05-31 14:22:31,800 INFO 74800 [egg-schedule]: register schedule D:\personal\notes\nodejs\egg\01\node_modules\egg-logrotator\app\schedule\rotate_by_file.js
2019-05-31 14:22:37,331 INFO 34312 [egg-schedule]: register schedule D:\personal\notes\nodejs\egg\01\node_modules\egg-multipart\app\schedule\clean_tmpdir.js
2019-05-31 14:22:37,331 INFO 34312 [egg-schedule]: register schedule D:\personal\notes\nodejs\egg\01\node_modules\egg-logrotator\app\schedule\clean_log.js
2019-05-31 14:22:37,331 INFO 34312 [egg-schedule]: register schedule D:\personal\notes\nodejs\egg\01\node_modules\egg-logrotator\app\schedule\rotate_by_file.js
2019-05-31 14:22:38,595 INFO 47812 [egg-schedule]: register schedule D:\personal\notes\nodejs\egg\01\node_modules\egg-multipart\app\schedule\clean_tmpdir.js
2019-05-31 14:22:38,595 INFO 47812 [egg-schedule]: register schedule D:\personal\notes\nodejs\egg\01\node_modules\egg-logrotator\app\schedule\clean_log.js
2019-05-31 14:22:38,595 INFO 47812 [egg-schedule]: register schedule D:\personal\notes\nodejs\egg\01\node_modules\egg-logrotator\app\schedule\rotate_by_file.js
2019-05-31 14:22:45,353 INFO 72236 [egg-schedule]: register schedule D:\personal\notes\nodejs\egg\01\node_modules\egg-multipart\app\schedule\clean_tmpdir.js
2019-05-31 14:22:45,353 INFO 72236 [egg-schedule]: register schedule D:\personal\notes\nodejs\egg\01\node_modules\egg-logrotator\app\schedule\clean_log.js
2019-05-31 14:22:45,353 INFO 72236 [egg-schedule]: register schedule D:\personal\notes\nodejs\egg\01\node_modules\egg-logrotator\app\schedule\rotate_by_file.js
2019-05-31 14:22:48,558 INFO 42864 [egg-schedule]: register schedule D:\personal\notes\nodejs\egg\01\node_modules\egg-multipart\app\schedule\clean_tmpdir.js
2019-05-31 14:22:48,558 INFO 42864 [egg-schedule]: register schedule D:\personal\notes\nodejs\egg\01\node_modules\egg-logrotator\app\schedule\clean_log.js
2019-05-31 14:22:48,558 INFO 42864 [egg-schedule]: register schedule D:\personal\notes\nodejs\egg\01\node_modules\egg-logrotator\app\schedule\rotate_by_file.js
2019-05-31 14:22:50,234 INFO 83168 [egg-schedule]: register schedule D:\personal\notes\nodejs\egg\01\node_modules\egg-multipart\app\schedule\clean_tmpdir.js
2019-05-31 14:22:50,234 INFO 83168 [egg-schedule]: register schedule D:\personal\notes\nodejs\egg\01\node_modules\egg-logrotator\app\schedule\clean_log.js
2019-05-31 14:22:50,234 INFO 83168 [egg-schedule]: register schedule D:\personal\notes\nodejs\egg\01\node_modules\egg-logrotator\app\schedule\rotate_by_file.js
2019-05-31 14:22:52,542 INFO 46028 [egg-schedule]: register schedule D:\personal\notes\nodejs\egg\01\node_modules\egg-multipart\app\schedule\clean_tmpdir.js
2019-05-31 14:22:52,542 INFO 46028 [egg-schedule]: register schedule D:\personal\notes\nodejs\egg\01\node_modules\egg-logrotator\app\schedule\clean_log.js
2019-05-31 14:22:52,542 INFO 46028 [egg-schedule]: register schedule D:\personal\notes\nodejs\egg\01\node_modules\egg-logrotator\app\schedule\rotate_by_file.js
2019-05-31 14:23:09,162 INFO 61720 [egg-schedule]: register schedule D:\personal\notes\nodejs\egg\01\node_modules\egg-multipart\app\schedule\clean_tmpdir.js
2019-05-31 14:23:09,162 INFO 61720 [egg-schedule]: register schedule D:\personal\notes\nodejs\egg\01\node_modules\egg-logrotator\app\schedule\clean_log.js
2019-05-31 14:23:09,162 INFO 61720 [egg-schedule]: register schedule D:\personal\notes\nodejs\egg\01\node_modules\egg-logrotator\app\schedule\rotate_by_file.js
2019-05-31 14:23:27,019 INFO 22816 [egg-schedule]: register schedule D:\personal\notes\nodejs\egg\01\node_modules\egg-multipart\app\schedule\clean_tmpdir.js
2019-05-31 14:23:27,019 INFO 22816 [egg-schedule]: register schedule D:\personal\notes\nodejs\egg\01\node_modules\egg-logrotator\app\schedule\clean_log.js
2019-05-31 14:23:27,019 INFO 22816 [egg-schedule]: register schedule D:\personal\notes\nodejs\egg\01\node_modules\egg-logrotator\app\schedule\rotate_by_file.js
2019-05-31 14:23:31,497 INFO 76476 [egg-schedule]: register schedule D:\personal\notes\nodejs\egg\01\node_modules\egg-multipart\app\schedule\clean_tmpdir.js
2019-05-31 14:23:31,497 INFO 76476 [egg-schedule]: register schedule D:\personal\notes\nodejs\egg\01\node_modules\egg-logrotator\app\schedule\clean_log.js
2019-05-31 14:23:31,497 INFO 76476 [egg-schedule]: register schedule D:\personal\notes\nodejs\egg\01\node_modules\egg-logrotator\app\schedule\rotate_by_file.js
2019-05-31 14:23:32,786 INFO 65072 [egg-schedule]: register schedule D:\personal\notes\nodejs\egg\01\node_modules\egg-multipart\app\schedule\clean_tmpdir.js
2019-05-31 14:23:32,786 INFO 65072 [egg-schedule]: register schedule D:\personal\notes\nodejs\egg\01\node_modules\egg-logrotator\app\schedule\clean_log.js
2019-05-31 14:23:32,786 INFO 65072 [egg-schedule]: register schedule D:\personal\notes\nodejs\egg\01\node_modules\egg-logrotator\app\schedule\rotate_by_file.js
2019-05-31 14:23:34,705 INFO 82636 [egg-schedule]: register schedule D:\personal\notes\nodejs\egg\01\node_modules\egg-multipart\app\schedule\clean_tmpdir.js
2019-05-31 14:23:34,705 INFO 82636 [egg-schedule]: register schedule D:\personal\notes\nodejs\egg\01\node_modules\egg-logrotator\app\schedule\clean_log.js
2019-05-31 14:23:34,705 INFO 82636 [egg-schedule]: register schedule D:\personal\notes\nodejs\egg\01\node_modules\egg-logrotator\app\schedule\rotate_by_file.js
2019-05-31 14:23:42,367 INFO 56476 [egg-schedule]: register schedule D:\personal\notes\nodejs\egg\01\node_modules\egg-multipart\app\schedule\clean_tmpdir.js
2019-05-31 14:23:42,367 INFO 56476 [egg-schedule]: register schedule D:\personal\notes\nodejs\egg\01\node_modules\egg-logrotator\app\schedule\clean_log.js
2019-05-31 14:23:42,367 INFO 56476 [egg-schedule]: register schedule D:\personal\notes\nodejs\egg\01\node_modules\egg-logrotator\app\schedule\rotate_by_file.js
2019-05-31 14:23:45,576 INFO 7772 [egg-schedule]: register schedule D:\personal\notes\nodejs\egg\01\node_modules\egg-multipart\app\schedule\clean_tmpdir.js
2019-05-31 14:23:45,576 INFO 7772 [egg-schedule]: register schedule D:\personal\notes\nodejs\egg\01\node_modules\egg-logrotator\app\schedule\clean_log.js
2019-05-31 14:23:45,576 INFO 7772 [egg-schedule]: register schedule D:\personal\notes\nodejs\egg\01\node_modules\egg-logrotator\app\schedule\rotate_by_file.js
2019-05-31 14:23:47,056 INFO 87504 [egg-schedule]: register schedule D:\personal\notes\nodejs\egg\01\node_modules\egg-multipart\app\schedule\clean_tmpdir.js
2019-05-31 14:23:47,056 INFO 87504 [egg-schedule]: register schedule D:\personal\notes\nodejs\egg\01\node_modules\egg-logrotator\app\schedule\clean_log.js
2019-05-31 14:23:47,056 INFO 87504 [egg-schedule]: register schedule D:\personal\notes\nodejs\egg\01\node_modules\egg-logrotator\app\schedule\rotate_by_file.js
2019-05-31 14:23:50,515 INFO 65876 [egg-schedule]: register schedule D:\personal\notes\nodejs\egg\01\node_modules\egg-multipart\app\schedule\clean_tmpdir.js
2019-05-31 14:23:50,515 INFO 65876 [egg-schedule]: register schedule D:\personal\notes\nodejs\egg\01\node_modules\egg-logrotator\app\schedule\clean_log.js
2019-05-31 14:23:50,515 INFO 65876 [egg-schedule]: register schedule D:\personal\notes\nodejs\egg\01\node_modules\egg-logrotator\app\schedule\rotate_by_file.js
2019-05-31 14:23:55,138 INFO 37420 [egg-schedule]: register schedule D:\personal\notes\nodejs\egg\01\node_modules\egg-multipart\app\schedule\clean_tmpdir.js
2019-05-31 14:23:55,138 INFO 37420 [egg-schedule]: register schedule D:\personal\notes\nodejs\egg\01\node_modules\egg-logrotator\app\schedule\clean_log.js
2019-05-31 14:23:55,138 INFO 37420 [egg-schedule]: register schedule D:\personal\notes\nodejs\egg\01\node_modules\egg-logrotator\app\schedule\rotate_by_file.js
2019-05-31 14:23:57,021 INFO 35136 [egg-schedule]: register schedule D:\personal\notes\nodejs\egg\01\node_modules\egg-multipart\app\schedule\clean_tmpdir.js
2019-05-31 14:23:57,021 INFO 35136 [egg-schedule]: register schedule D:\personal\notes\nodejs\egg\01\node_modules\egg-logrotator\app\schedule\clean_log.js
2019-05-31 14:23:57,021 INFO 35136 [egg-schedule]: register schedule D:\personal\notes\nodejs\egg\01\node_modules\egg-logrotator\app\schedule\rotate_by_file.js
2019-05-31 14:23:58,295 INFO 44232 [egg-schedule]: register schedule D:\personal\notes\nodejs\egg\01\node_modules\egg-multipart\app\schedule\clean_tmpdir.js
2019-05-31 14:23:58,295 INFO 44232 [egg-schedule]: register schedule D:\personal\notes\nodejs\egg\01\node_modules\egg-logrotator\app\schedule\clean_log.js
2019-05-31 14:23:58,295 INFO 44232 [egg-schedule]: register schedule D:\personal\notes\nodejs\egg\01\node_modules\egg-logrotator\app\schedule\rotate_by_file.js
2019-05-31 14:24:02,323 INFO 48720 [egg-schedule]: register schedule D:\personal\notes\nodejs\egg\01\node_modules\egg-multipart\app\schedule\clean_tmpdir.js
2019-05-31 14:24:02,323 INFO 48720 [egg-schedule]: register schedule D:\personal\notes\nodejs\egg\01\node_modules\egg-logrotator\app\schedule\clean_log.js
2019-05-31 14:24:02,323 INFO 48720 [egg-schedule]: register schedule D:\personal\notes\nodejs\egg\01\node_modules\egg-logrotator\app\schedule\rotate_by_file.js
2019-05-31 14:24:03,616 INFO 56812 [egg-schedule]: register schedule D:\personal\notes\nodejs\egg\01\node_modules\egg-multipart\app\schedule\clean_tmpdir.js
2019-05-31 14:24:03,616 INFO 56812 [egg-schedule]: register schedule D:\personal\notes\nodejs\egg\01\node_modules\egg-logrotator\app\schedule\clean_log.js
2019-05-31 14:24:03,616 INFO 56812 [egg-schedule]: register schedule D:\personal\notes\nodejs\egg\01\node_modules\egg-logrotator\app\schedule\rotate_by_file.js
2019-05-31 14:24:58,648 INFO 63156 [egg-schedule]: register schedule D:\personal\notes\nodejs\egg\01\node_modules\egg-multipart\app\schedule\clean_tmpdir.js
2019-05-31 14:24:58,648 INFO 63156 [egg-schedule]: register schedule D:\personal\notes\nodejs\egg\01\node_modules\egg-logrotator\app\schedule\clean_log.js
2019-05-31 14:24:58,648 INFO 63156 [egg-schedule]: register schedule D:\personal\notes\nodejs\egg\01\node_modules\egg-logrotator\app\schedule\rotate_by_file.js
2019-05-31 14:25:26,159 INFO 8740 [egg-schedule]: register schedule D:\personal\notes\nodejs\egg\01\node_modules\egg-multipart\app\schedule\clean_tmpdir.js
2019-05-31 14:25:26,159 INFO 8740 [egg-schedule]: register schedule D:\personal\notes\nodejs\egg\01\node_modules\egg-logrotator\app\schedule\clean_log.js
2019-05-31 14:25:26,159 INFO 8740 [egg-schedule]: register schedule D:\personal\notes\nodejs\egg\01\node_modules\egg-logrotator\app\schedule\rotate_by_file.js
2019-05-31 14:25:27,428 INFO 80744 [egg-schedule]: register schedule D:\personal\notes\nodejs\egg\01\node_modules\egg-multipart\app\schedule\clean_tmpdir.js
2019-05-31 14:25:27,428 INFO 80744 [egg-schedule]: register schedule D:\personal\notes\nodejs\egg\01\node_modules\egg-logrotator\app\schedule\clean_log.js
2019-05-31 14:25:27,428 INFO 80744 [egg-schedule]: register schedule D:\personal\notes\nodejs\egg\01\node_modules\egg-logrotator\app\schedule\rotate_by_file.js
2019-05-31 14:25:47,179 INFO 40300 [egg-schedule]: register schedule D:\personal\notes\nodejs\egg\01\node_modules\egg-multipart\app\schedule\clean_tmpdir.js
2019-05-31 14:25:47,179 INFO 40300 [egg-schedule]: register schedule D:\personal\notes\nodejs\egg\01\node_modules\egg-logrotator\app\schedule\clean_log.js
2019-05-31 14:25:47,179 INFO 40300 [egg-schedule]: register schedule D:\personal\notes\nodejs\egg\01\node_modules\egg-logrotator\app\schedule\rotate_by_file.js
2019-05-31 14:25:48,504 INFO 55556 [egg-schedule]: register schedule D:\personal\notes\nodejs\egg\01\node_modules\egg-multipart\app\schedule\clean_tmpdir.js
2019-05-31 14:25:48,504 INFO 55556 [egg-schedule]: register schedule D:\personal\notes\nodejs\egg\01\node_modules\egg-logrotator\app\schedule\clean_log.js
2019-05-31 14:25:48,504 INFO 55556 [egg-schedule]: register schedule D:\personal\notes\nodejs\egg\01\node_modules\egg-logrotator\app\schedule\rotate_by_file.js
2019-05-31 17:25:55,230 INFO 58124 [egg-schedule]: register schedule D:\personal\notes\nodejs\egg\01\node_modules\egg-multipart\app\schedule\clean_tmpdir.js
2019-05-31 17:25:55,230 INFO 58124 [egg-schedule]: register schedule D:\personal\notes\nodejs\egg\01\node_modules\egg-logrotator\app\schedule\clean_log.js
2019-05-31 17:25:55,230 INFO 58124 [egg-schedule]: register schedule D:\personal\notes\nodejs\egg\01\node_modules\egg-logrotator\app\schedule\rotate_by_file.js
2019-05-31 17:25:55,640 INFO 69528 [Timer] D:\personal\notes\nodejs\egg\01\node_modules\egg-multipart\app\schedule\clean_tmpdir.js next time will execute after 39844363ms at 2019-06-01 04:30:00.003
2019-05-31 17:25:55,640 INFO 69528 [Timer] D:\personal\notes\nodejs\egg\01\node_modules\egg-logrotator\app\schedule\clean_log.js next time will execute after 23644360ms at 2019-06-01 00:00:00.000
2019-05-31 17:25:55,640 INFO 69528 [Timer] D:\personal\notes\nodejs\egg\01\node_modules\egg-logrotator\app\schedule\rotate_by_file.js next time will execute after 23645360ms at 2019-06-01 00:00:01.000
2019-05-31 17:26:40,345 INFO 85496 [egg-schedule]: register schedule D:\personal\notes\nodejs\egg\01\node_modules\egg-multipart\app\schedule\clean_tmpdir.js
2019-05-31 17:26:40,345 INFO 85496 [egg-schedule]: register schedule D:\personal\notes\nodejs\egg\01\node_modules\egg-logrotator\app\schedule\clean_log.js
2019-05-31 17:26:40,346 INFO 85496 [egg-schedule]: register schedule D:\personal\notes\nodejs\egg\01\node_modules\egg-logrotator\app\schedule\rotate_by_file.js
2019-05-31 17:28:56,268 INFO 44716 [egg-schedule]: register schedule D:\personal\notes\nodejs\egg\01\node_modules\egg-multipart\app\schedule\clean_tmpdir.js
2019-05-31 17:28:56,268 INFO 44716 [egg-schedule]: register schedule D:\personal\notes\nodejs\egg\01\node_modules\egg-logrotator\app\schedule\clean_log.js
2019-05-31 17:28:56,268 INFO 44716 [egg-schedule]: register schedule D:\personal\notes\nodejs\egg\01\node_modules\egg-logrotator\app\schedule\rotate_by_file.js
2019-05-31 17:29:14,355 INFO 71348 [egg-schedule]: register schedule D:\personal\notes\nodejs\egg\01\node_modules\egg-multipart\app\schedule\clean_tmpdir.js
2019-05-31 17:29:14,355 INFO 71348 [egg-schedule]: register schedule D:\personal\notes\nodejs\egg\01\node_modules\egg-logrotator\app\schedule\clean_log.js
2019-05-31 17:29:14,355 INFO 71348 [egg-schedule]: register schedule D:\personal\notes\nodejs\egg\01\node_modules\egg-logrotator\app\schedule\rotate_by_file.js
2019-05-31 17:29:47,767 INFO 51720 [egg-schedule]: register schedule D:\personal\notes\nodejs\egg\01\node_modules\egg-multipart\app\schedule\clean_tmpdir.js
2019-05-31 17:29:47,767 INFO 51720 [egg-schedule]: register schedule D:\personal\notes\nodejs\egg\01\node_modules\egg-logrotator\app\schedule\clean_log.js
2019-05-31 17:29:47,767 INFO 51720 [egg-schedule]: register schedule D:\personal\notes\nodejs\egg\01\node_modules\egg-logrotator\app\schedule\rotate_by_file.js
2019-05-31 17:29:49,325 INFO 64844 [egg-schedule]: register schedule D:\personal\notes\nodejs\egg\01\node_modules\egg-multipart\app\schedule\clean_tmpdir.js
2019-05-31 17:29:49,325 INFO 64844 [egg-schedule]: register schedule D:\personal\notes\nodejs\egg\01\node_modules\egg-logrotator\app\schedule\clean_log.js
2019-05-31 17:29:49,325 INFO 64844 [egg-schedule]: register schedule D:\personal\notes\nodejs\egg\01\node_modules\egg-logrotator\app\schedule\rotate_by_file.js
2019-05-31 17:30:19,222 INFO 86204 [egg-schedule]: register schedule D:\personal\notes\nodejs\egg\01\node_modules\egg-multipart\app\schedule\clean_tmpdir.js
2019-05-31 17:30:19,222 INFO 86204 [egg-schedule]: register schedule D:\personal\notes\nodejs\egg\01\node_modules\egg-logrotator\app\schedule\clean_log.js
2019-05-31 17:30:19,222 INFO 86204 [egg-schedule]: register schedule D:\personal\notes\nodejs\egg\01\node_modules\egg-logrotator\app\schedule\rotate_by_file.js
2019-05-31 17:30:33,725 INFO 27116 [egg-schedule]: register schedule D:\personal\notes\nodejs\egg\01\node_modules\egg-multipart\app\schedule\clean_tmpdir.js
2019-05-31 17:30:33,725 INFO 27116 [egg-schedule]: register schedule D:\personal\notes\nodejs\egg\01\node_modules\egg-logrotator\app\schedule\clean_log.js
2019-05-31 17:30:33,725 INFO 27116 [egg-schedule]: register schedule D:\personal\notes\nodejs\egg\01\node_modules\egg-logrotator\app\schedule\rotate_by_file.js
2019-05-31 17:30:40,547 INFO 53648 [egg-schedule]: register schedule D:\personal\notes\nodejs\egg\01\node_modules\egg-multipart\app\schedule\clean_tmpdir.js
2019-05-31 17:30:40,547 INFO 53648 [egg-schedule]: register schedule D:\personal\notes\nodejs\egg\01\node_modules\egg-logrotator\app\schedule\clean_log.js
2019-05-31 17:30:40,547 INFO 53648 [egg-schedule]: register schedule D:\personal\notes\nodejs\egg\01\node_modules\egg-logrotator\app\schedule\rotate_by_file.js
2019-05-31 17:30:42,848 INFO 1696 [egg-schedule]: register schedule D:\personal\notes\nodejs\egg\01\node_modules\egg-multipart\app\schedule\clean_tmpdir.js
2019-05-31 17:30:42,848 INFO 1696 [egg-schedule]: register schedule D:\personal\notes\nodejs\egg\01\node_modules\egg-logrotator\app\schedule\clean_log.js
2019-05-31 17:30:42,848 INFO 1696 [egg-schedule]: register schedule D:\personal\notes\nodejs\egg\01\node_modules\egg-logrotator\app\schedule\rotate_by_file.js
2019-05-31 17:30:47,560 INFO 31220 [egg-schedule]: register schedule D:\personal\notes\nodejs\egg\01\node_modules\egg-multipart\app\schedule\clean_tmpdir.js
2019-05-31 17:30:47,560 INFO 31220 [egg-schedule]: register schedule D:\personal\notes\nodejs\egg\01\node_modules\egg-logrotator\app\schedule\clean_log.js
2019-05-31 17:30:47,560 INFO 31220 [egg-schedule]: register schedule D:\personal\notes\nodejs\egg\01\node_modules\egg-logrotator\app\schedule\rotate_by_file.js
2019-05-31 17:30:49,170 INFO 46848 [egg-schedule]: register schedule D:\personal\notes\nodejs\egg\01\node_modules\egg-multipart\app\schedule\clean_tmpdir.js
2019-05-31 17:30:49,170 INFO 46848 [egg-schedule]: register schedule D:\personal\notes\nodejs\egg\01\node_modules\egg-logrotator\app\schedule\clean_log.js
2019-05-31 17:30:49,170 INFO 46848 [egg-schedule]: register schedule D:\personal\notes\nodejs\egg\01\node_modules\egg-logrotator\app\schedule\rotate_by_file.js
2019-05-31 17:30:50,449 INFO 47156 [egg-schedule]: register schedule D:\personal\notes\nodejs\egg\01\node_modules\egg-multipart\app\schedule\clean_tmpdir.js
2019-05-31 17:30:50,449 INFO 47156 [egg-schedule]: register schedule D:\personal\notes\nodejs\egg\01\node_modules\egg-logrotator\app\schedule\clean_log.js
2019-05-31 17:30:50,449 INFO 47156 [egg-schedule]: register schedule D:\personal\notes\nodejs\egg\01\node_modules\egg-logrotator\app\schedule\rotate_by_file.js
2019-05-31 17:30:57,817 INFO 63296 [egg-schedule]: register schedule D:\personal\notes\nodejs\egg\01\node_modules\egg-multipart\app\schedule\clean_tmpdir.js
2019-05-31 17:30:57,817 INFO 63296 [egg-schedule]: register schedule D:\personal\notes\nodejs\egg\01\node_modules\egg-logrotator\app\schedule\clean_log.js
2019-05-31 17:30:57,817 INFO 63296 [egg-schedule]: register schedule D:\personal\notes\nodejs\egg\01\node_modules\egg-logrotator\app\schedule\rotate_by_file.js
2019-05-31 17:31:04,937 INFO 47928 [egg-schedule]: register schedule D:\personal\notes\nodejs\egg\01\node_modules\egg-multipart\app\schedule\clean_tmpdir.js
2019-05-31 17:31:04,937 INFO 47928 [egg-schedule]: register schedule D:\personal\notes\nodejs\egg\01\node_modules\egg-logrotator\app\schedule\clean_log.js
2019-05-31 17:31:04,937 INFO 47928 [egg-schedule]: register schedule D:\personal\notes\nodejs\egg\01\node_modules\egg-logrotator\app\schedule\rotate_by_file.js
2019-05-31 17:31:25,451 INFO 84532 [egg-schedule]: register schedule D:\personal\notes\nodejs\egg\01\node_modules\egg-multipart\app\schedule\clean_tmpdir.js
2019-05-31 17:31:25,451 INFO 84532 [egg-schedule]: register schedule D:\personal\notes\nodejs\egg\01\node_modules\egg-logrotator\app\schedule\clean_log.js
2019-05-31 17:31:25,451 INFO 84532 [egg-schedule]: register schedule D:\personal\notes\nodejs\egg\01\node_modules\egg-logrotator\app\schedule\rotate_by_file.js
2019-05-31 17:31:26,777 INFO 79440 [egg-schedule]: register schedule D:\personal\notes\nodejs\egg\01\node_modules\egg-multipart\app\schedule\clean_tmpdir.js
2019-05-31 17:31:26,777 INFO 79440 [egg-schedule]: register schedule D:\personal\notes\nodejs\egg\01\node_modules\egg-logrotator\app\schedule\clean_log.js
2019-05-31 17:31:26,777 INFO 79440 [egg-schedule]: register schedule D:\personal\notes\nodejs\egg\01\node_modules\egg-logrotator\app\schedule\rotate_by_file.js
2019-05-31 17:31:33,894 INFO 16432 [egg-schedule]: register schedule D:\personal\notes\nodejs\egg\01\node_modules\egg-multipart\app\schedule\clean_tmpdir.js
2019-05-31 17:31:33,894 INFO 16432 [egg-schedule]: register schedule D:\personal\notes\nodejs\egg\01\node_modules\egg-logrotator\app\schedule\clean_log.js
2019-05-31 17:31:33,894 INFO 16432 [egg-schedule]: register schedule D:\personal\notes\nodejs\egg\01\node_modules\egg-logrotator\app\schedule\rotate_by_file.js
2019-05-31 17:31:42,881 INFO 22300 [egg-schedule]: register schedule D:\personal\notes\nodejs\egg\01\node_modules\egg-multipart\app\schedule\clean_tmpdir.js
2019-05-31 17:31:42,881 INFO 22300 [egg-schedule]: register schedule D:\personal\notes\nodejs\egg\01\node_modules\egg-logrotator\app\schedule\clean_log.js
2019-05-31 17:31:42,881 INFO 22300 [egg-schedule]: register schedule D:\personal\notes\nodejs\egg\01\node_modules\egg-logrotator\app\schedule\rotate_by_file.js
2019-05-31 17:31:44,197 INFO 74792 [egg-schedule]: register schedule D:\personal\notes\nodejs\egg\01\node_modules\egg-multipart\app\schedule\clean_tmpdir.js
2019-05-31 17:31:44,197 INFO 74792 [egg-schedule]: register schedule D:\personal\notes\nodejs\egg\01\node_modules\egg-logrotator\app\schedule\clean_log.js
2019-05-31 17:31:44,197 INFO 74792 [egg-schedule]: register schedule D:\personal\notes\nodejs\egg\01\node_modules\egg-logrotator\app\schedule\rotate_by_file.js
2019-05-31 17:31:46,255 INFO 21528 [egg-schedule]: register schedule D:\personal\notes\nodejs\egg\01\node_modules\egg-multipart\app\schedule\clean_tmpdir.js
2019-05-31 17:31:46,255 INFO 21528 [egg-schedule]: register schedule D:\personal\notes\nodejs\egg\01\node_modules\egg-logrotator\app\schedule\clean_log.js
2019-05-31 17:31:46,255 INFO 21528 [egg-schedule]: register schedule D:\personal\notes\nodejs\egg\01\node_modules\egg-logrotator\app\schedule\rotate_by_file.js
2019-05-31 17:31:50,504 INFO 72468 [egg-schedule]: register schedule D:\personal\notes\nodejs\egg\01\node_modules\egg-multipart\app\schedule\clean_tmpdir.js
2019-05-31 17:31:50,504 INFO 72468 [egg-schedule]: register schedule D:\personal\notes\nodejs\egg\01\node_modules\egg-logrotator\app\schedule\clean_log.js
2019-05-31 17:31:50,504 INFO 72468 [egg-schedule]: register schedule D:\personal\notes\nodejs\egg\01\node_modules\egg-logrotator\app\schedule\rotate_by_file.js
2019-05-31 17:31:51,860 INFO 24572 [egg-schedule]: register schedule D:\personal\notes\nodejs\egg\01\node_modules\egg-multipart\app\schedule\clean_tmpdir.js
2019-05-31 17:31:51,860 INFO 24572 [egg-schedule]: register schedule D:\personal\notes\nodejs\egg\01\node_modules\egg-logrotator\app\schedule\clean_log.js
2019-05-31 17:31:51,860 INFO 24572 [egg-schedule]: register schedule D:\personal\notes\nodejs\egg\01\node_modules\egg-logrotator\app\schedule\rotate_by_file.js
2019-05-31 17:31:53,103 INFO 40444 [egg-schedule]: register schedule D:\personal\notes\nodejs\egg\01\node_modules\egg-multipart\app\schedule\clean_tmpdir.js
2019-05-31 17:31:53,103 INFO 40444 [egg-schedule]: register schedule D:\personal\notes\nodejs\egg\01\node_modules\egg-logrotator\app\schedule\clean_log.js
2019-05-31 17:31:53,103 INFO 40444 [egg-schedule]: register schedule D:\personal\notes\nodejs\egg\01\node_modules\egg-logrotator\app\schedule\rotate_by_file.js
2019-05-31 17:31:59,894 INFO 3832 [egg-schedule]: register schedule D:\personal\notes\nodejs\egg\01\node_modules\egg-multipart\app\schedule\clean_tmpdir.js
2019-05-31 17:31:59,894 INFO 3832 [egg-schedule]: register schedule D:\personal\notes\nodejs\egg\01\node_modules\egg-logrotator\app\schedule\clean_log.js
2019-05-31 17:31:59,894 INFO 3832 [egg-schedule]: register schedule D:\personal\notes\nodejs\egg\01\node_modules\egg-logrotator\app\schedule\rotate_by_file.js
2019-05-31 17:32:01,519 INFO 81448 [egg-schedule]: register schedule D:\personal\notes\nodejs\egg\01\node_modules\egg-multipart\app\schedule\clean_tmpdir.js
2019-05-31 17:32:01,519 INFO 81448 [egg-schedule]: register schedule D:\personal\notes\nodejs\egg\01\node_modules\egg-logrotator\app\schedule\clean_log.js
2019-05-31 17:32:01,519 INFO 81448 [egg-schedule]: register schedule D:\personal\notes\nodejs\egg\01\node_modules\egg-logrotator\app\schedule\rotate_by_file.js
2019-05-31 17:32:03,759 INFO 65244 [egg-schedule]: register schedule D:\personal\notes\nodejs\egg\01\node_modules\egg-multipart\app\schedule\clean_tmpdir.js
2019-05-31 17:32:03,759 INFO 65244 [egg-schedule]: register schedule D:\personal\notes\nodejs\egg\01\node_modules\egg-logrotator\app\schedule\clean_log.js
2019-05-31 17:32:03,759 INFO 65244 [egg-schedule]: register schedule D:\personal\notes\nodejs\egg\01\node_modules\egg-logrotator\app\schedule\rotate_by_file.js
2019-05-31 17:32:06,499 INFO 87788 [egg-schedule]: register schedule D:\personal\notes\nodejs\egg\01\node_modules\egg-multipart\app\schedule\clean_tmpdir.js
2019-05-31 17:32:06,499 INFO 87788 [egg-schedule]: register schedule D:\personal\notes\nodejs\egg\01\node_modules\egg-logrotator\app\schedule\clean_log.js
2019-05-31 17:32:06,499 INFO 87788 [egg-schedule]: register schedule D:\personal\notes\nodejs\egg\01\node_modules\egg-logrotator\app\schedule\rotate_by_file.js
2019-05-31 17:32:09,881 INFO 47132 [egg-schedule]: register schedule D:\personal\notes\nodejs\egg\01\node_modules\egg-multipart\app\schedule\clean_tmpdir.js
2019-05-31 17:32:09,881 INFO 47132 [egg-schedule]: register schedule D:\personal\notes\nodejs\egg\01\node_modules\egg-logrotator\app\schedule\clean_log.js
2019-05-31 17:32:09,881 INFO 47132 [egg-schedule]: register schedule D:\personal\notes\nodejs\egg\01\node_modules\egg-logrotator\app\schedule\rotate_by_file.js
2019-05-31 17:32:11,154 INFO 65944 [egg-schedule]: register schedule D:\personal\notes\nodejs\egg\01\node_modules\egg-multipart\app\schedule\clean_tmpdir.js
2019-05-31 17:32:11,154 INFO 65944 [egg-schedule]: register schedule D:\personal\notes\nodejs\egg\01\node_modules\egg-logrotator\app\schedule\clean_log.js
2019-05-31 17:32:11,154 INFO 65944 [egg-schedule]: register schedule D:\personal\notes\nodejs\egg\01\node_modules\egg-logrotator\app\schedule\rotate_by_file.js
2019-05-31 17:32:18,060 INFO 13980 [egg-schedule]: register schedule D:\personal\notes\nodejs\egg\01\node_modules\egg-multipart\app\schedule\clean_tmpdir.js
2019-05-31 17:32:18,060 INFO 13980 [egg-schedule]: register schedule D:\personal\notes\nodejs\egg\01\node_modules\egg-logrotator\app\schedule\clean_log.js
2019-05-31 17:32:18,060 INFO 13980 [egg-schedule]: register schedule D:\personal\notes\nodejs\egg\01\node_modules\egg-logrotator\app\schedule\rotate_by_file.js
2019-05-31 17:32:22,710 INFO 86172 [egg-schedule]: register schedule D:\personal\notes\nodejs\egg\01\node_modules\egg-multipart\app\schedule\clean_tmpdir.js
2019-05-31 17:32:22,710 INFO 86172 [egg-schedule]: register schedule D:\personal\notes\nodejs\egg\01\node_modules\egg-logrotator\app\schedule\clean_log.js
2019-05-31 17:32:22,710 INFO 86172 [egg-schedule]: register schedule D:\personal\notes\nodejs\egg\01\node_modules\egg-logrotator\app\schedule\rotate_by_file.js
2019-05-31 17:32:24,905 INFO 83432 [egg-schedule]: register schedule D:\personal\notes\nodejs\egg\01\node_modules\egg-multipart\app\schedule\clean_tmpdir.js
2019-05-31 17:32:24,905 INFO 83432 [egg-schedule]: register schedule D:\personal\notes\nodejs\egg\01\node_modules\egg-logrotator\app\schedule\clean_log.js
2019-05-31 17:32:24,905 INFO 83432 [egg-schedule]: register schedule D:\personal\notes\nodejs\egg\01\node_modules\egg-logrotator\app\schedule\rotate_by_file.js
